<?xml version="1.0" encoding="UTF-8"?>
<testsuite name="App.logic.CheckResponseTest" tests="3" skipped="0" failures="2" errors="0" timestamp="2016-11-29T15:01:10" hostname="Domien-PC" time="0.191">
  <properties/>
  <testcase name="testRejectFaultyInput" classname="App.logic.CheckResponseTest" time="0.084"/>
  <testcase name="testFeedback" classname="App.logic.CheckResponseTest" time="0.092">
    <failure message="java.lang.NullPointerException" type="java.lang.NullPointerException">java.lang.NullPointerException
	at App.logic.CheckResponseTest.testFeedback(CheckResponseTest.java:94)
	at sun.reflect.NativeMethodAccessorImpl.invoke0(Native Method)
	at sun.reflect.NativeMethodAccessorImpl.invoke(NativeMethodAccessorImpl.java:62)
	at sun.reflect.DelegatingMethodAccessorImpl.invoke(DelegatingMethodAccessorImpl.java:43)
	at java.lang.reflect.Method.invoke(Method.java:498)
	at org.junit.runners.model.FrameworkMethod$1.runReflectiveCall(FrameworkMethod.java:50)
	at org.junit.internal.runners.model.ReflectiveCallable.run(ReflectiveCallable.java:12)
	at org.junit.runners.model.FrameworkMethod.invokeExplosively(FrameworkMethod.java:47)
	at org.junit.internal.runners.statements.InvokeMethod.evaluate(InvokeMethod.java:17)
	at org.springframework.test.context.junit4.statements.RunBeforeTestMethodCallbacks.evaluate(RunBeforeTestMethodCallbacks.java:75)
	at org.springframework.test.context.junit4.statements.RunAfterTestMethodCallbacks.evaluate(RunAfterTestMethodCallbacks.java:86)
	at org.springframework.test.context.junit4.statements.SpringRepeat.evaluate(SpringRepeat.java:84)
	at org.junit.runners.ParentRunner.runLeaf(ParentRunner.java:325)
	at org.springframework.test.context.junit4.SpringJUnit4ClassRunner.runChild(SpringJUnit4ClassRunner.java:252)
	at org.springframework.test.context.junit4.SpringJUnit4ClassRunner.runChild(SpringJUnit4ClassRunner.java:94)
	at org.junit.runners.ParentRunner$3.run(ParentRunner.java:290)
	at org.junit.runners.ParentRunner$1.schedule(ParentRunner.java:71)
	at org.junit.runners.ParentRunner.runChildren(ParentRunner.java:288)
	at org.junit.runners.ParentRunner.access$000(ParentRunner.java:58)
	at org.junit.runners.ParentRunner$2.evaluate(ParentRunner.java:268)
	at org.springframework.test.context.junit4.statements.RunBeforeTestClassCallbacks.evaluate(RunBeforeTestClassCallbacks.java:61)
	at org.springframework.test.context.junit4.statements.RunAfterTestClassCallbacks.evaluate(RunAfterTestClassCallbacks.java:70)
	at org.junit.runners.ParentRunner.run(ParentRunner.java:363)
	at org.springframework.test.context.junit4.SpringJUnit4ClassRunner.run(SpringJUnit4ClassRunner.java:191)
	at org.gradle.api.internal.tasks.testing.junit.JUnitTestClassExecuter.runTestClass(JUnitTestClassExecuter.java:112)
	at org.gradle.api.internal.tasks.testing.junit.JUnitTestClassExecuter.execute(JUnitTestClassExecuter.java:56)
	at org.gradle.api.internal.tasks.testing.junit.JUnitTestClassProcessor.processTestClass(JUnitTestClassProcessor.java:66)
	at org.gradle.api.internal.tasks.testing.SuiteTestClassProcessor.processTestClass(SuiteTestClassProcessor.java:51)
	at sun.reflect.NativeMethodAccessorImpl.invoke0(Native Method)
	at sun.reflect.NativeMethodAccessorImpl.invoke(NativeMethodAccessorImpl.java:62)
	at sun.reflect.DelegatingMethodAccessorImpl.invoke(DelegatingMethodAccessorImpl.java:43)
	at java.lang.reflect.Method.invoke(Method.java:498)
	at org.gradle.messaging.dispatch.ReflectionDispatch.dispatch(ReflectionDispatch.java:35)
	at org.gradle.messaging.dispatch.ReflectionDispatch.dispatch(ReflectionDispatch.java:24)
	at org.gradle.messaging.dispatch.ContextClassLoaderDispatch.dispatch(ContextClassLoaderDispatch.java:32)
	at org.gradle.messaging.dispatch.ProxyDispatchAdapter$DispatchingInvocationHandler.invoke(ProxyDispatchAdapter.java:93)
	at com.sun.proxy.$Proxy2.processTestClass(Unknown Source)
	at org.gradle.api.internal.tasks.testing.worker.TestWorker.processTestClass(TestWorker.java:109)
	at sun.reflect.NativeMethodAccessorImpl.invoke0(Native Method)
	at sun.reflect.NativeMethodAccessorImpl.invoke(NativeMethodAccessorImpl.java:62)
	at sun.reflect.DelegatingMethodAccessorImpl.invoke(DelegatingMethodAccessorImpl.java:43)
	at java.lang.reflect.Method.invoke(Method.java:498)
	at org.gradle.messaging.dispatch.ReflectionDispatch.dispatch(ReflectionDispatch.java:35)
	at org.gradle.messaging.dispatch.ReflectionDispatch.dispatch(ReflectionDispatch.java:24)
	at org.gradle.messaging.remote.internal.hub.MessageHub$Handler.run(MessageHub.java:364)
	at org.gradle.internal.concurrent.ExecutorPolicy$CatchAndRecordFailures.onExecute(ExecutorPolicy.java:54)
	at org.gradle.internal.concurrent.StoppableExecutorImpl$1.run(StoppableExecutorImpl.java:40)
	at java.util.concurrent.ThreadPoolExecutor.runWorker(ThreadPoolExecutor.java:1142)
	at java.util.concurrent.ThreadPoolExecutor$Worker.run(ThreadPoolExecutor.java:617)
	at java.lang.Thread.run(Thread.java:745)
</failure>
  </testcase>
  <testcase name="testCalculateScore" classname="App.logic.CheckResponseTest" time="0.013">
    <failure message="java.lang.NullPointerException" type="java.lang.NullPointerException">java.lang.NullPointerException
	at App.logic.CheckResponseTest.testCalculateScore(CheckResponseTest.java:74)
	at sun.reflect.NativeMethodAccessorImpl.invoke0(Native Method)
	at sun.reflect.NativeMethodAccessorImpl.invoke(NativeMethodAccessorImpl.java:62)
	at sun.reflect.DelegatingMethodAccessorImpl.invoke(DelegatingMethodAccessorImpl.java:43)
	at java.lang.reflect.Method.invoke(Method.java:498)
	at org.junit.runners.model.FrameworkMethod$1.runReflectiveCall(FrameworkMethod.java:50)
	at org.junit.internal.runners.model.ReflectiveCallable.run(ReflectiveCallable.java:12)
	at org.junit.runners.model.FrameworkMethod.invokeExplosively(FrameworkMethod.java:47)
	at org.junit.internal.runners.statements.InvokeMethod.evaluate(InvokeMethod.java:17)
	at org.springframework.test.context.junit4.statements.RunBeforeTestMethodCallbacks.evaluate(RunBeforeTestMethodCallbacks.java:75)
	at org.springframework.test.context.junit4.statements.RunAfterTestMethodCallbacks.evaluate(RunAfterTestMethodCallbacks.java:86)
	at org.springframework.test.context.junit4.statements.SpringRepeat.evaluate(SpringRepeat.java:84)
	at org.junit.runners.ParentRunner.runLeaf(ParentRunner.java:325)
	at org.springframework.test.context.junit4.SpringJUnit4ClassRunner.runChild(SpringJUnit4ClassRunner.java:252)
	at org.springframework.test.context.junit4.SpringJUnit4ClassRunner.runChild(SpringJUnit4ClassRunner.java:94)
	at org.junit.runners.ParentRunner$3.run(ParentRunner.java:290)
	at org.junit.runners.ParentRunner$1.schedule(ParentRunner.java:71)
	at org.junit.runners.ParentRunner.runChildren(ParentRunner.java:288)
	at org.junit.runners.ParentRunner.access$000(ParentRunner.java:58)
	at org.junit.runners.ParentRunner$2.evaluate(ParentRunner.java:268)
	at org.springframework.test.context.junit4.statements.RunBeforeTestClassCallbacks.evaluate(RunBeforeTestClassCallbacks.java:61)
	at org.springframework.test.context.junit4.statements.RunAfterTestClassCallbacks.evaluate(RunAfterTestClassCallbacks.java:70)
	at org.junit.runners.ParentRunner.run(ParentRunner.java:363)
	at org.springframework.test.context.junit4.SpringJUnit4ClassRunner.run(SpringJUnit4ClassRunner.java:191)
	at org.gradle.api.internal.tasks.testing.junit.JUnitTestClassExecuter.runTestClass(JUnitTestClassExecuter.java:112)
	at org.gradle.api.internal.tasks.testing.junit.JUnitTestClassExecuter.execute(JUnitTestClassExecuter.java:56)
	at org.gradle.api.internal.tasks.testing.junit.JUnitTestClassProcessor.processTestClass(JUnitTestClassProcessor.java:66)
	at org.gradle.api.internal.tasks.testing.SuiteTestClassProcessor.processTestClass(SuiteTestClassProcessor.java:51)
	at sun.reflect.NativeMethodAccessorImpl.invoke0(Native Method)
	at sun.reflect.NativeMethodAccessorImpl.invoke(NativeMethodAccessorImpl.java:62)
	at sun.reflect.DelegatingMethodAccessorImpl.invoke(DelegatingMethodAccessorImpl.java:43)
	at java.lang.reflect.Method.invoke(Method.java:498)
	at org.gradle.messaging.dispatch.ReflectionDispatch.dispatch(ReflectionDispatch.java:35)
	at org.gradle.messaging.dispatch.ReflectionDispatch.dispatch(ReflectionDispatch.java:24)
	at org.gradle.messaging.dispatch.ContextClassLoaderDispatch.dispatch(ContextClassLoaderDispatch.java:32)
	at org.gradle.messaging.dispatch.ProxyDispatchAdapter$DispatchingInvocationHandler.invoke(ProxyDispatchAdapter.java:93)
	at com.sun.proxy.$Proxy2.processTestClass(Unknown Source)
	at org.gradle.api.internal.tasks.testing.worker.TestWorker.processTestClass(TestWorker.java:109)
	at sun.reflect.NativeMethodAccessorImpl.invoke0(Native Method)
	at sun.reflect.NativeMethodAccessorImpl.invoke(NativeMethodAccessorImpl.java:62)
	at sun.reflect.DelegatingMethodAccessorImpl.invoke(DelegatingMethodAccessorImpl.java:43)
	at java.lang.reflect.Method.invoke(Method.java:498)
	at org.gradle.messaging.dispatch.ReflectionDispatch.dispatch(ReflectionDispatch.java:35)
	at org.gradle.messaging.dispatch.ReflectionDispatch.dispatch(ReflectionDispatch.java:24)
	at org.gradle.messaging.remote.internal.hub.MessageHub$Handler.run(MessageHub.java:364)
	at org.gradle.internal.concurrent.ExecutorPolicy$CatchAndRecordFailures.onExecute(ExecutorPolicy.java:54)
	at org.gradle.internal.concurrent.StoppableExecutorImpl$1.run(StoppableExecutorImpl.java:40)
	at java.util.concurrent.ThreadPoolExecutor.runWorker(ThreadPoolExecutor.java:1142)
	at java.util.concurrent.ThreadPoolExecutor$Worker.run(ThreadPoolExecutor.java:617)
	at java.lang.Thread.run(Thread.java:745)
</failure>
  </testcase>
  <system-out><![CDATA[16:01:06.770 [Test worker] DEBUG org.springframework.test.context.junit4.SpringJUnit4ClassRunner - SpringJUnit4ClassRunner constructor called with [class App.logic.CheckResponseTest]
16:01:06.781 [Test worker] DEBUG org.springframework.test.context.BootstrapUtils - Instantiating CacheAwareContextLoaderDelegate from class [org.springframework.test.context.cache.DefaultCacheAwareContextLoaderDelegate]
16:01:06.790 [Test worker] DEBUG org.springframework.test.context.BootstrapUtils - Instantiating BootstrapContext using constructor [public org.springframework.test.context.support.DefaultBootstrapContext(java.lang.Class,org.springframework.test.context.CacheAwareContextLoaderDelegate)]
16:01:06.798 [Test worker] DEBUG org.springframework.test.context.BootstrapUtils - Instantiating TestContextBootstrapper for test class [App.logic.CheckResponseTest] from class [org.springframework.test.context.support.DefaultTestContextBootstrapper]
16:01:06.826 [Test worker] DEBUG org.springframework.test.context.support.AbstractDelegatingSmartContextLoader - Delegating to AnnotationConfigContextLoader to process context configuration [ContextConfigurationAttributes@ab1e8d declaringClass = 'App.logic.CheckResponseTest', classes = '{interface db.EntryRepository, class config.MongoConfig, class App.Application}', locations = '{}', inheritLocations = true, initializers = '{}', inheritInitializers = true, name = [null], contextLoaderClass = 'org.springframework.test.context.ContextLoader'].
16:01:06.863 [Test worker] DEBUG org.springframework.test.context.support.ActiveProfilesUtils - Could not find an 'annotation declaring class' for annotation type [org.springframework.test.context.ActiveProfiles] and class [App.logic.CheckResponseTest]
16:01:06.864 [Test worker] DEBUG org.springframework.test.context.support.DefaultTestContextBootstrapper - @TestExecutionListeners is not present for class [App.logic.CheckResponseTest]: using defaults.
16:01:06.866 [Test worker] INFO org.springframework.test.context.support.DefaultTestContextBootstrapper - Loaded default TestExecutionListener class names from location [META-INF/spring.factories]: [org.springframework.boot.test.mock.mockito.MockitoTestExecutionListener, org.springframework.boot.test.mock.mockito.ResetMocksTestExecutionListener, org.springframework.boot.test.autoconfigure.restdocs.RestDocsTestExecutionListener, org.springframework.boot.test.autoconfigure.web.client.MockRestServiceServerResetTestExecutionListener, org.springframework.boot.test.autoconfigure.web.servlet.MockMvcPrintOnlyOnFailureTestExecutionListener, org.springframework.boot.test.autoconfigure.web.servlet.WebDriverTestExecutionListener, org.springframework.test.context.web.ServletTestExecutionListener, org.springframework.test.context.support.DirtiesContextBeforeModesTestExecutionListener, org.springframework.test.context.support.DependencyInjectionTestExecutionListener, org.springframework.test.context.support.DirtiesContextTestExecutionListener, org.springframework.test.context.transaction.TransactionalTestExecutionListener, org.springframework.test.context.jdbc.SqlScriptsTestExecutionListener]
16:01:06.883 [Test worker] INFO org.springframework.test.context.support.DefaultTestContextBootstrapper - Using TestExecutionListeners: [org.springframework.test.context.web.ServletTestExecutionListener@aa8aba, org.springframework.test.context.support.DirtiesContextBeforeModesTestExecutionListener@1470086, org.springframework.test.context.support.DependencyInjectionTestExecutionListener@f1872b, org.springframework.test.context.support.DirtiesContextTestExecutionListener@11d0c39, org.springframework.test.context.transaction.TransactionalTestExecutionListener@102adfa, org.springframework.test.context.jdbc.SqlScriptsTestExecutionListener@2ec66c, org.springframework.boot.test.autoconfigure.restdocs.RestDocsTestExecutionListener@60c45d, org.springframework.boot.test.autoconfigure.web.servlet.MockMvcPrintOnlyOnFailureTestExecutionListener@1d579ac, org.springframework.boot.test.autoconfigure.web.servlet.WebDriverTestExecutionListener@16c7511, org.springframework.boot.test.autoconfigure.web.client.MockRestServiceServerResetTestExecutionListener@1a9c876, org.springframework.boot.test.mock.mockito.ResetMocksTestExecutionListener@1c5bbb2, org.springframework.boot.test.mock.mockito.MockitoTestExecutionListener@197a27f]
16:01:06.886 [Test worker] DEBUG org.springframework.test.annotation.ProfileValueUtils - Retrieved @ProfileValueSourceConfiguration [null] for test class [App.logic.CheckResponseTest]
16:01:06.886 [Test worker] DEBUG org.springframework.test.annotation.ProfileValueUtils - Retrieved ProfileValueSource type [class org.springframework.test.annotation.SystemProfileValueSource] for class [App.logic.CheckResponseTest]
16:01:06.887 [Test worker] DEBUG org.springframework.test.annotation.ProfileValueUtils - Retrieved @ProfileValueSourceConfiguration [null] for test class [App.logic.CheckResponseTest]
16:01:06.887 [Test worker] DEBUG org.springframework.test.annotation.ProfileValueUtils - Retrieved ProfileValueSource type [class org.springframework.test.annotation.SystemProfileValueSource] for class [App.logic.CheckResponseTest]
16:01:06.890 [Test worker] DEBUG org.springframework.test.context.support.AbstractDirtiesContextTestExecutionListener - Before test class: context [DefaultTestContext@800f3 testClass = CheckResponseTest, testInstance = [null], testMethod = [null], testException = [null], mergedContextConfiguration = [MergedContextConfiguration@1df06d testClass = CheckResponseTest, locations = '{}', classes = '{interface db.EntryRepository, class config.MongoConfig, class App.Application}', contextInitializerClasses = '[]', activeProfiles = '{}', propertySourceLocations = '{}', propertySourceProperties = '{}', contextCustomizers = set[org.springframework.boot.test.context.filter.ExcludeFilterContextCustomizer@cd816, org.springframework.boot.test.mock.mockito.MockitoContextCustomizer@0, org.springframework.boot.test.autoconfigure.properties.PropertyMappingContextCustomizer@0, org.springframework.boot.test.autoconfigure.web.servlet.WebDriverContextCustomizerFactory$Customizer@c9e4de], contextLoader = 'org.springframework.test.context.support.DelegatingSmartContextLoader', parent = [null]]], class annotated with @DirtiesContext [false] with mode [null].
16:01:06.890 [Test worker] DEBUG org.springframework.test.annotation.ProfileValueUtils - Retrieved @ProfileValueSourceConfiguration [null] for test class [App.logic.CheckResponseTest]
16:01:06.890 [Test worker] DEBUG org.springframework.test.annotation.ProfileValueUtils - Retrieved ProfileValueSource type [class org.springframework.test.annotation.SystemProfileValueSource] for class [App.logic.CheckResponseTest]
16:01:06.892 [Test worker] DEBUG org.springframework.test.context.support.DependencyInjectionTestExecutionListener - Performing dependency injection for test context [[DefaultTestContext@800f3 testClass = CheckResponseTest, testInstance = null(App.logic.CheckResponseTest), testMethod = [null], testException = [null], mergedContextConfiguration = [MergedContextConfiguration@1df06d testClass = CheckResponseTest, locations = '{}', classes = '{interface db.EntryRepository, class config.MongoConfig, class App.Application}', contextInitializerClasses = '[]', activeProfiles = '{}', propertySourceLocations = '{}', propertySourceProperties = '{}', contextCustomizers = set[org.springframework.boot.test.context.filter.ExcludeFilterContextCustomizer@cd816, org.springframework.boot.test.mock.mockito.MockitoContextCustomizer@0, org.springframework.boot.test.autoconfigure.properties.PropertyMappingContextCustomizer@0, org.springframework.boot.test.autoconfigure.web.servlet.WebDriverContextCustomizerFactory$Customizer@c9e4de], contextLoader = 'org.springframework.test.context.support.DelegatingSmartContextLoader', parent = [null]]]].
16:01:06.892 [Test worker] DEBUG org.springframework.test.context.support.AbstractDelegatingSmartContextLoader - Delegating to AnnotationConfigContextLoader to load context from [MergedContextConfiguration@1df06d testClass = CheckResponseTest, locations = '{}', classes = '{interface db.EntryRepository, class config.MongoConfig, class App.Application}', contextInitializerClasses = '[]', activeProfiles = '{}', propertySourceLocations = '{}', propertySourceProperties = '{}', contextCustomizers = set[org.springframework.boot.test.context.filter.ExcludeFilterContextCustomizer@cd816, org.springframework.boot.test.mock.mockito.MockitoContextCustomizer@0, org.springframework.boot.test.autoconfigure.properties.PropertyMappingContextCustomizer@0, org.springframework.boot.test.autoconfigure.web.servlet.WebDriverContextCustomizerFactory$Customizer@c9e4de], contextLoader = 'org.springframework.test.context.support.DelegatingSmartContextLoader', parent = [null]].
16:01:06.892 [Test worker] DEBUG org.springframework.test.context.support.AbstractGenericContextLoader - Loading ApplicationContext for merged context configuration [[MergedContextConfiguration@1df06d testClass = CheckResponseTest, locations = '{}', classes = '{interface db.EntryRepository, class config.MongoConfig, class App.Application}', contextInitializerClasses = '[]', activeProfiles = '{}', propertySourceLocations = '{}', propertySourceProperties = '{}', contextCustomizers = set[org.springframework.boot.test.context.filter.ExcludeFilterContextCustomizer@cd816, org.springframework.boot.test.mock.mockito.MockitoContextCustomizer@0, org.springframework.boot.test.autoconfigure.properties.PropertyMappingContextCustomizer@0, org.springframework.boot.test.autoconfigure.web.servlet.WebDriverContextCustomizerFactory$Customizer@c9e4de], contextLoader = 'org.springframework.test.context.support.DelegatingSmartContextLoader', parent = [null]]].
16:01:06.969 [Test worker] DEBUG org.springframework.core.env.StandardEnvironment - Adding [systemProperties] PropertySource with lowest search precedence
16:01:06.969 [Test worker] DEBUG org.springframework.core.env.StandardEnvironment - Adding [systemEnvironment] PropertySource with lowest search precedence
16:01:06.969 [Test worker] DEBUG org.springframework.core.env.StandardEnvironment - Initialized StandardEnvironment with PropertySources [systemProperties,systemEnvironment]
16:01:06.970 [Test worker] DEBUG org.springframework.test.context.support.AnnotationConfigContextLoader - Registering annotated classes: {interface db.EntryRepository, class config.MongoConfig, class App.Application}
16:01:07.032 [Test worker] INFO org.springframework.context.support.GenericApplicationContext - Refreshing org.springframework.context.support.GenericApplicationContext@c696c7: startup date [Tue Nov 29 16:01:07 CET 2016]; root of context hierarchy
16:01:07.032 [Test worker] DEBUG org.springframework.context.support.GenericApplicationContext - Bean factory for org.springframework.context.support.GenericApplicationContext@c696c7: org.springframework.beans.factory.support.DefaultListableBeanFactory@2aac5c: defining beans [org.springframework.context.annotation.internalConfigurationAnnotationProcessor,org.springframework.context.annotation.internalAutowiredAnnotationProcessor,org.springframework.context.annotation.internalRequiredAnnotationProcessor,org.springframework.context.annotation.internalCommonAnnotationProcessor,org.springframework.context.event.internalEventListenerProcessor,org.springframework.context.event.internalEventListenerFactory,entryRepository,mongoConfig,application,org.springframework.boot.test.mock.mockito.MockitoPostProcessor$SpyPostProcessor,org.springframework.boot.test.mock.mockito.MockitoPostProcessor]; root of factory hierarchy
16:01:07.043 [Test worker] DEBUG org.springframework.beans.factory.support.DefaultListableBeanFactory - Creating shared instance of singleton bean 'org.springframework.context.annotation.internalConfigurationAnnotationProcessor'
16:01:07.044 [Test worker] DEBUG org.springframework.beans.factory.support.DefaultListableBeanFactory - Creating instance of bean 'org.springframework.context.annotation.internalConfigurationAnnotationProcessor'
16:01:07.062 [Test worker] DEBUG org.springframework.beans.factory.support.DefaultListableBeanFactory - Eagerly caching bean 'org.springframework.context.annotation.internalConfigurationAnnotationProcessor' to allow for resolving potential circular references
16:01:07.064 [Test worker] DEBUG org.springframework.beans.factory.support.DefaultListableBeanFactory - Finished creating instance of bean 'org.springframework.context.annotation.internalConfigurationAnnotationProcessor'
16:01:07.101 [Test worker] DEBUG org.springframework.core.env.StandardEnvironment - Adding [systemProperties] PropertySource with lowest search precedence
16:01:07.101 [Test worker] DEBUG org.springframework.core.env.StandardEnvironment - Adding [systemEnvironment] PropertySource with lowest search precedence
16:01:07.101 [Test worker] DEBUG org.springframework.core.env.StandardEnvironment - Initialized StandardEnvironment with PropertySources [systemProperties,systemEnvironment]
16:01:07.102 [Test worker] DEBUG org.springframework.context.annotation.ClassPathBeanDefinitionScanner - JSR-250 'javax.annotation.ManagedBean' found and supported for component scanning
16:01:07.106 [Test worker] DEBUG org.springframework.core.io.support.PathMatchingResourcePatternResolver - Resolved classpath location [App/] to resources [URL [file:/C:/Users/Domien/Documents/School/ProjectAdvProg/Java%20Backend/build/classes/test/App/], URL [file:/C:/Users/Domien/Documents/School/ProjectAdvProg/Java%20Backend/build/classes/main/App/]]
16:01:07.106 [Test worker] DEBUG org.springframework.core.io.support.PathMatchingResourcePatternResolver - Looking for matching resources in directory tree [C:\Users\Domien\Documents\School\ProjectAdvProg\Java Backend\build\classes\test\App]
16:01:07.106 [Test worker] DEBUG org.springframework.core.io.support.PathMatchingResourcePatternResolver - Searching directory [C:\Users\Domien\Documents\School\ProjectAdvProg\Java Backend\build\classes\test\App] for files matching pattern [C:/Users/Domien/Documents/School/ProjectAdvProg/Java Backend/build/classes/test/App/**/*.class]
16:01:07.108 [Test worker] DEBUG org.springframework.core.io.support.PathMatchingResourcePatternResolver - Searching directory [C:\Users\Domien\Documents\School\ProjectAdvProg\Java Backend\build\classes\test\App\logic] for files matching pattern [C:/Users/Domien/Documents/School/ProjectAdvProg/Java Backend/build/classes/test/App/**/*.class]
16:01:07.109 [Test worker] DEBUG org.springframework.core.io.support.PathMatchingResourcePatternResolver - Looking for matching resources in directory tree [C:\Users\Domien\Documents\School\ProjectAdvProg\Java Backend\build\classes\main\App]
16:01:07.109 [Test worker] DEBUG org.springframework.core.io.support.PathMatchingResourcePatternResolver - Searching directory [C:\Users\Domien\Documents\School\ProjectAdvProg\Java Backend\build\classes\main\App] for files matching pattern [C:/Users/Domien/Documents/School/ProjectAdvProg/Java Backend/build/classes/main/App/**/*.class]
16:01:07.110 [Test worker] DEBUG org.springframework.core.io.support.PathMatchingResourcePatternResolver - Searching directory [C:\Users\Domien\Documents\School\ProjectAdvProg\Java Backend\build\classes\main\App\authentication] for files matching pattern [C:/Users/Domien/Documents/School/ProjectAdvProg/Java Backend/build/classes/main/App/**/*.class]
16:01:07.111 [Test worker] DEBUG org.springframework.core.io.support.PathMatchingResourcePatternResolver - Searching directory [C:\Users\Domien\Documents\School\ProjectAdvProg\Java Backend\build\classes\main\App\logic] for files matching pattern [C:/Users/Domien/Documents/School/ProjectAdvProg/Java Backend/build/classes/main/App/**/*.class]
16:01:07.111 [Test worker] DEBUG org.springframework.core.io.support.PathMatchingResourcePatternResolver - Searching directory [C:\Users\Domien\Documents\School\ProjectAdvProg\Java Backend\build\classes\main\App\registration] for files matching pattern [C:/Users/Domien/Documents/School/ProjectAdvProg/Java Backend/build/classes/main/App/**/*.class]
16:01:07.112 [Test worker] DEBUG org.springframework.core.io.support.PathMatchingResourcePatternResolver - Resolved location pattern [classpath*:App/**/*.class] to resources [file [C:\Users\Domien\Documents\School\ProjectAdvProg\Java Backend\build\classes\test\App\logic\CheckResponseTest.class], file [C:\Users\Domien\Documents\School\ProjectAdvProg\Java Backend\build\classes\test\App\logic\GetWordsResponseTest.class], file [C:\Users\Domien\Documents\School\ProjectAdvProg\Java Backend\build\classes\test\App\logic\LoginTest.class], file [C:\Users\Domien\Documents\School\ProjectAdvProg\Java Backend\build\classes\main\App\Application.class], file [C:\Users\Domien\Documents\School\ProjectAdvProg\Java Backend\build\classes\main\App\authentication\CustomAuthenticationProvider.class], file [C:\Users\Domien\Documents\School\ProjectAdvProg\Java Backend\build\classes\main\App\authentication\JwtAuthenticationEntryPoint.class], file [C:\Users\Domien\Documents\School\ProjectAdvProg\Java Backend\build\classes\main\App\authentication\JwtAuthenticationRequest.class], file [C:\Users\Domien\Documents\School\ProjectAdvProg\Java Backend\build\classes\main\App\authentication\JwtAuthenticationResponse.class], file [C:\Users\Domien\Documents\School\ProjectAdvProg\Java Backend\build\classes\main\App\authentication\JwtAuthenticationTokenFilter.class], file [C:\Users\Domien\Documents\School\ProjectAdvProg\Java Backend\build\classes\main\App\authentication\JwtTokenUtil.class], file [C:\Users\Domien\Documents\School\ProjectAdvProg\Java Backend\build\classes\main\App\authentication\UserService.class], file [C:\Users\Domien\Documents\School\ProjectAdvProg\Java Backend\build\classes\main\App\authentication\WebSecurityConfig.class], file [C:\Users\Domien\Documents\School\ProjectAdvProg\Java Backend\build\classes\main\App\logic\CheckResponse.class], file [C:\Users\Domien\Documents\School\ProjectAdvProg\Java Backend\build\classes\main\App\logic\GetWordsResponse.class], file [C:\Users\Domien\Documents\School\ProjectAdvProg\Java Backend\build\classes\main\App\MainController.class], file [C:\Users\Domien\Documents\School\ProjectAdvProg\Java Backend\build\classes\main\App\registration\UserValidator.class]]
16:01:07.129 [Test worker] DEBUG org.springframework.beans.factory.support.DefaultListableBeanFactory - Returning cached instance of singleton bean 'org.springframework.boot.test.context.filter.TestTypeExcludeFilter'
16:01:07.130 [Test worker] DEBUG org.springframework.beans.factory.support.DefaultListableBeanFactory - Returning cached instance of singleton bean 'org.springframework.boot.test.context.filter.TestTypeExcludeFilter'
16:01:07.130 [Test worker] DEBUG org.springframework.beans.factory.support.DefaultListableBeanFactory - Returning cached instance of singleton bean 'org.springframework.boot.test.context.filter.TestTypeExcludeFilter'
16:01:07.136 [Test worker] DEBUG org.springframework.beans.factory.support.DefaultListableBeanFactory - Returning cached instance of singleton bean 'org.springframework.boot.test.context.filter.TestTypeExcludeFilter'
16:01:07.137 [Test worker] DEBUG org.springframework.context.annotation.ClassPathBeanDefinitionScanner - Identified candidate component class: file [C:\Users\Domien\Documents\School\ProjectAdvProg\Java Backend\build\classes\main\App\authentication\CustomAuthenticationProvider.class]
16:01:07.139 [Test worker] DEBUG org.springframework.beans.factory.support.DefaultListableBeanFactory - Returning cached instance of singleton bean 'org.springframework.boot.test.context.filter.TestTypeExcludeFilter'
16:01:07.139 [Test worker] DEBUG org.springframework.context.annotation.ClassPathBeanDefinitionScanner - Identified candidate component class: file [C:\Users\Domien\Documents\School\ProjectAdvProg\Java Backend\build\classes\main\App\authentication\JwtAuthenticationEntryPoint.class]
16:01:07.140 [Test worker] DEBUG org.springframework.beans.factory.support.DefaultListableBeanFactory - Returning cached instance of singleton bean 'org.springframework.boot.test.context.filter.TestTypeExcludeFilter'
16:01:07.142 [Test worker] DEBUG org.springframework.beans.factory.support.DefaultListableBeanFactory - Returning cached instance of singleton bean 'org.springframework.boot.test.context.filter.TestTypeExcludeFilter'
16:01:07.143 [Test worker] DEBUG org.springframework.beans.factory.support.DefaultListableBeanFactory - Returning cached instance of singleton bean 'org.springframework.boot.test.context.filter.TestTypeExcludeFilter'
16:01:07.145 [Test worker] DEBUG org.springframework.beans.factory.support.DefaultListableBeanFactory - Returning cached instance of singleton bean 'org.springframework.boot.test.context.filter.TestTypeExcludeFilter'
16:01:07.145 [Test worker] DEBUG org.springframework.context.annotation.ClassPathBeanDefinitionScanner - Identified candidate component class: file [C:\Users\Domien\Documents\School\ProjectAdvProg\Java Backend\build\classes\main\App\authentication\JwtTokenUtil.class]
16:01:07.146 [Test worker] DEBUG org.springframework.beans.factory.support.DefaultListableBeanFactory - Returning cached instance of singleton bean 'org.springframework.boot.test.context.filter.TestTypeExcludeFilter'
16:01:07.146 [Test worker] DEBUG org.springframework.context.annotation.ClassPathBeanDefinitionScanner - Identified candidate component class: file [C:\Users\Domien\Documents\School\ProjectAdvProg\Java Backend\build\classes\main\App\authentication\UserService.class]
16:01:07.154 [Test worker] DEBUG org.springframework.beans.factory.support.DefaultListableBeanFactory - Returning cached instance of singleton bean 'org.springframework.boot.test.context.filter.TestTypeExcludeFilter'
16:01:07.154 [Test worker] DEBUG org.springframework.context.annotation.ClassPathBeanDefinitionScanner - Identified candidate component class: file [C:\Users\Domien\Documents\School\ProjectAdvProg\Java Backend\build\classes\main\App\authentication\WebSecurityConfig.class]
16:01:07.154 [Test worker] DEBUG org.springframework.beans.factory.support.DefaultListableBeanFactory - Returning cached instance of singleton bean 'org.springframework.boot.test.context.filter.TestTypeExcludeFilter'
16:01:07.155 [Test worker] DEBUG org.springframework.beans.factory.support.DefaultListableBeanFactory - Returning cached instance of singleton bean 'org.springframework.boot.test.context.filter.TestTypeExcludeFilter'
16:01:07.168 [Test worker] DEBUG org.springframework.beans.factory.support.DefaultListableBeanFactory - Returning cached instance of singleton bean 'org.springframework.boot.test.context.filter.TestTypeExcludeFilter'
16:01:07.168 [Test worker] DEBUG org.springframework.context.annotation.ClassPathBeanDefinitionScanner - Identified candidate component class: file [C:\Users\Domien\Documents\School\ProjectAdvProg\Java Backend\build\classes\main\App\MainController.class]
16:01:07.170 [Test worker] DEBUG org.springframework.beans.factory.support.DefaultListableBeanFactory - Returning cached instance of singleton bean 'org.springframework.boot.test.context.filter.TestTypeExcludeFilter'
16:01:07.170 [Test worker] DEBUG org.springframework.context.annotation.ClassPathBeanDefinitionScanner - Identified candidate component class: file [C:\Users\Domien\Documents\School\ProjectAdvProg\Java Backend\build\classes\main\App\registration\UserValidator.class]
16:01:07.223 [Test worker] DEBUG org.springframework.core.env.PropertySourcesPropertyResolver - Could not find key 'spring.boot.enableautoconfiguration' in any property source
16:01:07.237 [Test worker] DEBUG org.springframework.core.env.PropertySourcesPropertyResolver - Found key 'java.runtime.name' in [systemProperties] with type [String]
16:01:07.239 [Test worker] DEBUG org.springframework.core.env.PropertySourcesPropertyResolver - Found key 'sun.boot.library.path' in [systemProperties] with type [String]
16:01:07.239 [Test worker] DEBUG org.springframework.core.env.PropertySourcesPropertyResolver - Found key 'java.vm.version' in [systemProperties] with type [String]
16:01:07.240 [Test worker] DEBUG org.springframework.core.env.PropertySourcesPropertyResolver - Found key 'java.vm.vendor' in [systemProperties] with type [String]
16:01:07.240 [Test worker] DEBUG org.springframework.core.env.PropertySourcesPropertyResolver - Found key 'java.vendor.url' in [systemProperties] with type [String]
16:01:07.240 [Test worker] DEBUG org.springframework.core.env.PropertySourcesPropertyResolver - Found key 'path.separator' in [systemProperties] with type [String]
16:01:07.240 [Test worker] DEBUG org.springframework.core.env.PropertySourcesPropertyResolver - Found key 'java.vm.name' in [systemProperties] with type [String]
16:01:07.240 [Test worker] DEBUG org.springframework.core.env.PropertySourcesPropertyResolver - Found key 'file.encoding.pkg' in [systemProperties] with type [String]
16:01:07.240 [Test worker] DEBUG org.springframework.core.env.PropertySourcesPropertyResolver - Found key 'user.script' in [systemProperties] with type [String]
16:01:07.240 [Test worker] DEBUG org.springframework.core.env.PropertySourcesPropertyResolver - Found key 'sun.java.launcher' in [systemProperties] with type [String]
16:01:07.240 [Test worker] DEBUG org.springframework.core.env.PropertySourcesPropertyResolver - Found key 'user.country' in [systemProperties] with type [String]
16:01:07.241 [Test worker] DEBUG org.springframework.core.env.PropertySourcesPropertyResolver - Found key 'sun.os.patch.level' in [systemProperties] with type [String]
16:01:07.241 [Test worker] DEBUG org.springframework.core.env.PropertySourcesPropertyResolver - Found key 'java.vm.specification.name' in [systemProperties] with type [String]
16:01:07.241 [Test worker] DEBUG org.springframework.core.env.PropertySourcesPropertyResolver - Found key 'user.dir' in [systemProperties] with type [String]
16:01:07.241 [Test worker] DEBUG org.springframework.core.env.PropertySourcesPropertyResolver - Found key 'java.runtime.version' in [systemProperties] with type [String]
16:01:07.241 [Test worker] DEBUG org.springframework.core.env.PropertySourcesPropertyResolver - Found key 'java.awt.graphicsenv' in [systemProperties] with type [String]
16:01:07.241 [Test worker] DEBUG org.springframework.core.env.PropertySourcesPropertyResolver - Found key 'java.endorsed.dirs' in [systemProperties] with type [String]
16:01:07.241 [Test worker] DEBUG org.springframework.core.env.PropertySourcesPropertyResolver - Found key 'os.arch' in [systemProperties] with type [String]
16:01:07.241 [Test worker] DEBUG org.springframework.core.env.PropertySourcesPropertyResolver - Found key 'java.io.tmpdir' in [systemProperties] with type [String]
16:01:07.242 [Test worker] DEBUG org.springframework.core.env.PropertySourcesPropertyResolver - Found key 'line.separator' in [systemProperties] with type [String]
16:01:07.242 [Test worker] DEBUG org.springframework.core.env.PropertySourcesPropertyResolver - Found key 'java.vm.specification.vendor' in [systemProperties] with type [String]
16:01:07.242 [Test worker] DEBUG org.springframework.core.env.PropertySourcesPropertyResolver - Found key 'user.variant' in [systemProperties] with type [String]
16:01:07.242 [Test worker] DEBUG org.springframework.core.env.PropertySourcesPropertyResolver - Found key 'os.name' in [systemProperties] with type [String]
16:01:07.242 [Test worker] DEBUG org.springframework.core.env.PropertySourcesPropertyResolver - Found key 'sun.jnu.encoding' in [systemProperties] with type [String]
16:01:07.242 [Test worker] DEBUG org.springframework.core.env.PropertySourcesPropertyResolver - Found key 'java.library.path' in [systemProperties] with type [String]
16:01:07.242 [Test worker] DEBUG org.springframework.core.env.PropertySourcesPropertyResolver - Found key 'java.specification.name' in [systemProperties] with type [String]
16:01:07.242 [Test worker] DEBUG org.springframework.core.env.PropertySourcesPropertyResolver - Found key 'java.class.version' in [systemProperties] with type [String]
16:01:07.243 [Test worker] DEBUG org.springframework.core.env.PropertySourcesPropertyResolver - Found key 'sun.management.compiler' in [systemProperties] with type [String]
16:01:07.243 [Test worker] DEBUG org.springframework.core.env.PropertySourcesPropertyResolver - Found key 'os.version' in [systemProperties] with type [String]
16:01:07.243 [Test worker] DEBUG org.springframework.core.env.PropertySourcesPropertyResolver - Found key 'user.home' in [systemProperties] with type [String]
16:01:07.243 [Test worker] DEBUG org.springframework.core.env.PropertySourcesPropertyResolver - Found key 'user.timezone' in [systemProperties] with type [String]
16:01:07.243 [Test worker] DEBUG org.springframework.core.env.PropertySourcesPropertyResolver - Found key 'java.awt.printerjob' in [systemProperties] with type [String]
16:01:07.243 [Test worker] DEBUG org.springframework.core.env.PropertySourcesPropertyResolver - Found key 'file.encoding' in [systemProperties] with type [String]
16:01:07.243 [Test worker] DEBUG org.springframework.core.env.PropertySourcesPropertyResolver - Found key 'java.specification.version' in [systemProperties] with type [String]
16:01:07.243 [Test worker] DEBUG org.springframework.core.env.PropertySourcesPropertyResolver - Found key 'java.class.path' in [systemProperties] with type [String]
16:01:07.243 [Test worker] DEBUG org.springframework.core.env.PropertySourcesPropertyResolver - Found key 'user.name' in [systemProperties] with type [String]
16:01:07.244 [Test worker] DEBUG org.springframework.core.env.PropertySourcesPropertyResolver - Found key 'java.vm.specification.version' in [systemProperties] with type [String]
16:01:07.244 [Test worker] DEBUG org.springframework.core.env.PropertySourcesPropertyResolver - Found key 'sun.java.command' in [systemProperties] with type [String]
16:01:07.244 [Test worker] DEBUG org.springframework.core.env.PropertySourcesPropertyResolver - Found key 'java.home' in [systemProperties] with type [String]
16:01:07.244 [Test worker] DEBUG org.springframework.core.env.PropertySourcesPropertyResolver - Found key 'sun.arch.data.model' in [systemProperties] with type [String]
16:01:07.244 [Test worker] DEBUG org.springframework.core.env.PropertySourcesPropertyResolver - Found key 'user.language' in [systemProperties] with type [String]
16:01:07.244 [Test worker] DEBUG org.springframework.core.env.PropertySourcesPropertyResolver - Found key 'java.specification.vendor' in [systemProperties] with type [String]
16:01:07.244 [Test worker] DEBUG org.springframework.core.env.PropertySourcesPropertyResolver - Found key 'awt.toolkit' in [systemProperties] with type [String]
16:01:07.244 [Test worker] DEBUG org.springframework.core.env.PropertySourcesPropertyResolver - Found key 'java.vm.info' in [systemProperties] with type [String]
16:01:07.244 [Test worker] DEBUG org.springframework.core.env.PropertySourcesPropertyResolver - Found key 'java.version' in [systemProperties] with type [String]
16:01:07.245 [Test worker] DEBUG org.springframework.core.env.PropertySourcesPropertyResolver - Found key 'java.ext.dirs' in [systemProperties] with type [String]
16:01:07.245 [Test worker] DEBUG org.springframework.core.env.PropertySourcesPropertyResolver - Found key 'sun.boot.class.path' in [systemProperties] with type [String]
16:01:07.245 [Test worker] DEBUG org.springframework.core.env.PropertySourcesPropertyResolver - Found key 'java.vendor' in [systemProperties] with type [String]
16:01:07.245 [Test worker] DEBUG org.springframework.core.env.PropertySourcesPropertyResolver - Found key 'org.gradle.test.worker' in [systemProperties] with type [String]
16:01:07.245 [Test worker] DEBUG org.springframework.core.env.PropertySourcesPropertyResolver - Found key 'file.separator' in [systemProperties] with type [String]
16:01:07.245 [Test worker] DEBUG org.springframework.core.env.PropertySourcesPropertyResolver - Found key 'java.vendor.url.bug' in [systemProperties] with type [String]
16:01:07.245 [Test worker] DEBUG org.springframework.core.env.PropertySourcesPropertyResolver - Found key 'sun.io.unicode.encoding' in [systemProperties] with type [String]
16:01:07.245 [Test worker] DEBUG org.springframework.core.env.PropertySourcesPropertyResolver - Found key 'sun.cpu.endian' in [systemProperties] with type [String]
16:01:07.245 [Test worker] DEBUG org.springframework.core.env.PropertySourcesPropertyResolver - Found key 'sun.desktop' in [systemProperties] with type [String]
16:01:07.246 [Test worker] DEBUG org.springframework.core.env.PropertySourcesPropertyResolver - Found key 'sun.cpu.isalist' in [systemProperties] with type [String]
16:01:07.246 [Test worker] DEBUG org.springframework.core.env.PropertySourcesPropertyResolver - Found key 'USERDOMAIN_ROAMINGPROFILE' in [systemEnvironment] with type [String]
16:01:07.246 [Test worker] DEBUG org.springframework.core.env.PropertySourcesPropertyResolver - Found key 'PROCESSOR_LEVEL' in [systemEnvironment] with type [String]
16:01:07.246 [Test worker] DEBUG org.springframework.core.env.PropertySourcesPropertyResolver - Found key 'FP_NO_HOST_CHECK' in [systemEnvironment] with type [String]
16:01:07.246 [Test worker] DEBUG org.springframework.core.env.PropertySourcesPropertyResolver - Found key 'VS140COMNTOOLS' in [systemEnvironment] with type [String]
16:01:07.246 [Test worker] DEBUG org.springframework.core.env.PropertySourcesPropertyResolver - Found key 'SESSIONNAME' in [systemEnvironment] with type [String]
16:01:07.246 [Test worker] DEBUG org.springframework.core.env.PropertySourcesPropertyResolver - Found key 'ALLUSERSPROFILE' in [systemEnvironment] with type [String]
16:01:07.247 [Test worker] DEBUG org.springframework.core.env.PropertySourcesPropertyResolver - Found key 'PROCESSOR_ARCHITECTURE' in [systemEnvironment] with type [String]
16:01:07.247 [Test worker] DEBUG org.springframework.core.env.PropertySourcesPropertyResolver - Found key 'PSModulePath' in [systemEnvironment] with type [String]
16:01:07.247 [Test worker] DEBUG org.springframework.core.env.PropertySourcesPropertyResolver - Found key 'SystemDrive' in [systemEnvironment] with type [String]
16:01:07.247 [Test worker] DEBUG org.springframework.core.env.PropertySourcesPropertyResolver - Found key 'DIRNAME' in [systemEnvironment] with type [String]
16:01:07.247 [Test worker] DEBUG org.springframework.core.env.PropertySourcesPropertyResolver - Found key 'USERNAME' in [systemEnvironment] with type [String]
16:01:07.247 [Test worker] DEBUG org.springframework.core.env.PropertySourcesPropertyResolver - Found key 'JDK_HOME' in [systemEnvironment] with type [String]
16:01:07.247 [Test worker] DEBUG org.springframework.core.env.PropertySourcesPropertyResolver - Found key 'CMD_LINE_ARGS' in [systemEnvironment] with type [String]
16:01:07.247 [Test worker] DEBUG org.springframework.core.env.PropertySourcesPropertyResolver - Found key 'ProgramFiles(x86)' in [systemEnvironment] with type [String]
16:01:07.247 [Test worker] DEBUG org.springframework.core.env.PropertySourcesPropertyResolver - Found key 'FPS_BROWSER_USER_PROFILE_STRING' in [systemEnvironment] with type [String]
16:01:07.248 [Test worker] DEBUG org.springframework.core.env.PropertySourcesPropertyResolver - Found key 'APP_HOME' in [systemEnvironment] with type [String]
16:01:07.248 [Test worker] DEBUG org.springframework.core.env.PropertySourcesPropertyResolver - Found key 'PATHEXT' in [systemEnvironment] with type [String]
16:01:07.248 [Test worker] DEBUG org.springframework.core.env.PropertySourcesPropertyResolver - Found key 'PROCESSOR_ARCHITEW6432' in [systemEnvironment] with type [String]
16:01:07.248 [Test worker] DEBUG org.springframework.core.env.PropertySourcesPropertyResolver - Found key 'ProgramData' in [systemEnvironment] with type [String]
16:01:07.248 [Test worker] DEBUG org.springframework.core.env.PropertySourcesPropertyResolver - Found key 'ProgramW6432' in [systemEnvironment] with type [String]
16:01:07.248 [Test worker] DEBUG org.springframework.core.env.PropertySourcesPropertyResolver - Found key 'HOMEPATH' in [systemEnvironment] with type [String]
16:01:07.248 [Test worker] DEBUG org.springframework.core.env.PropertySourcesPropertyResolver - Found key 'PROCESSOR_IDENTIFIER' in [systemEnvironment] with type [String]
16:01:07.248 [Test worker] DEBUG org.springframework.core.env.PropertySourcesPropertyResolver - Found key 'ProgramFiles' in [systemEnvironment] with type [String]
16:01:07.248 [Test worker] DEBUG org.springframework.core.env.PropertySourcesPropertyResolver - Found key 'PUBLIC' in [systemEnvironment] with type [String]
16:01:07.249 [Test worker] DEBUG org.springframework.core.env.PropertySourcesPropertyResolver - Found key 'windir' in [systemEnvironment] with type [String]
16:01:07.249 [Test worker] DEBUG org.springframework.core.env.PropertySourcesPropertyResolver - Found key 'AMDAPPSDKROOT' in [systemEnvironment] with type [String]
16:01:07.249 [Test worker] DEBUG org.springframework.core.env.PropertySourcesPropertyResolver - Found key '_SKIP' in [systemEnvironment] with type [String]
16:01:07.249 [Test worker] DEBUG org.springframework.core.env.PropertySourcesPropertyResolver - Found key 'LOCALAPPDATA' in [systemEnvironment] with type [String]
16:01:07.249 [Test worker] DEBUG org.springframework.core.env.PropertySourcesPropertyResolver - Found key 'USERDOMAIN' in [systemEnvironment] with type [String]
16:01:07.249 [Test worker] DEBUG org.springframework.core.env.PropertySourcesPropertyResolver - Found key 'FPS_BROWSER_APP_PROFILE_STRING' in [systemEnvironment] with type [String]
16:01:07.249 [Test worker] DEBUG org.springframework.core.env.PropertySourcesPropertyResolver - Found key 'LOGONSERVER' in [systemEnvironment] with type [String]
16:01:07.249 [Test worker] DEBUG org.springframework.core.env.PropertySourcesPropertyResolver - Found key 'JAVA_HOME' in [systemEnvironment] with type [String]
16:01:07.249 [Test worker] DEBUG org.springframework.core.env.PropertySourcesPropertyResolver - Found key 'PROMPT' in [systemEnvironment] with type [String]
16:01:07.249 [Test worker] DEBUG org.springframework.core.env.PropertySourcesPropertyResolver - Found key '=C:' in [systemEnvironment] with type [String]
16:01:07.250 [Test worker] DEBUG org.springframework.core.env.PropertySourcesPropertyResolver - Found key 'APPDATA' in [systemEnvironment] with type [String]
16:01:07.250 [Test worker] DEBUG org.springframework.core.env.PropertySourcesPropertyResolver - Found key 'JAVA_EXE' in [systemEnvironment] with type [String]
16:01:07.250 [Test worker] DEBUG org.springframework.core.env.PropertySourcesPropertyResolver - Found key 'windows_tracing_logfile' in [systemEnvironment] with type [String]
16:01:07.250 [Test worker] DEBUG org.springframework.core.env.PropertySourcesPropertyResolver - Found key 'VBOX_MSI_INSTALL_PATH' in [systemEnvironment] with type [String]
16:01:07.250 [Test worker] DEBUG org.springframework.core.env.PropertySourcesPropertyResolver - Found key 'CommonProgramFiles' in [systemEnvironment] with type [String]
16:01:07.250 [Test worker] DEBUG org.springframework.core.env.PropertySourcesPropertyResolver - Found key 'Path' in [systemEnvironment] with type [String]
16:01:07.250 [Test worker] DEBUG org.springframework.core.env.PropertySourcesPropertyResolver - Found key 'OS' in [systemEnvironment] with type [String]
16:01:07.250 [Test worker] DEBUG org.springframework.core.env.PropertySourcesPropertyResolver - Found key 'windows_tracing_flags' in [systemEnvironment] with type [String]
16:01:07.250 [Test worker] DEBUG org.springframework.core.env.PropertySourcesPropertyResolver - Found key 'COMPUTERNAME' in [systemEnvironment] with type [String]
16:01:07.251 [Test worker] DEBUG org.springframework.core.env.PropertySourcesPropertyResolver - Found key 'PROCESSOR_REVISION' in [systemEnvironment] with type [String]
16:01:07.251 [Test worker] DEBUG org.springframework.core.env.PropertySourcesPropertyResolver - Found key 'CLASSPATH' in [systemEnvironment] with type [String]
16:01:07.251 [Test worker] DEBUG org.springframework.core.env.PropertySourcesPropertyResolver - Found key 'CommonProgramW6432' in [systemEnvironment] with type [String]
16:01:07.251 [Test worker] DEBUG org.springframework.core.env.PropertySourcesPropertyResolver - Found key 'ComSpec' in [systemEnvironment] with type [String]
16:01:07.251 [Test worker] DEBUG org.springframework.core.env.PropertySourcesPropertyResolver - Found key 'APP_BASE_NAME' in [systemEnvironment] with type [String]
16:01:07.251 [Test worker] DEBUG org.springframework.core.env.PropertySourcesPropertyResolver - Found key 'SystemRoot' in [systemEnvironment] with type [String]
16:01:07.251 [Test worker] DEBUG org.springframework.core.env.PropertySourcesPropertyResolver - Found key 'TEMP' in [systemEnvironment] with type [String]
16:01:07.251 [Test worker] DEBUG org.springframework.core.env.PropertySourcesPropertyResolver - Found key 'HOMEDRIVE' in [systemEnvironment] with type [String]
16:01:07.251 [Test worker] DEBUG org.springframework.core.env.PropertySourcesPropertyResolver - Found key 'PT6HOME' in [systemEnvironment] with type [String]
16:01:07.251 [Test worker] DEBUG org.springframework.core.env.PropertySourcesPropertyResolver - Found key 'USERPROFILE' in [systemEnvironment] with type [String]
16:01:07.252 [Test worker] DEBUG org.springframework.core.env.PropertySourcesPropertyResolver - Found key 'TMP' in [systemEnvironment] with type [String]
16:01:07.252 [Test worker] DEBUG org.springframework.core.env.PropertySourcesPropertyResolver - Found key 'MYSQLCONNECTOR_ASSEMBLIESPATH' in [systemEnvironment] with type [String]
16:01:07.252 [Test worker] DEBUG org.springframework.core.env.PropertySourcesPropertyResolver - Found key 'CommonProgramFiles(x86)' in [systemEnvironment] with type [String]
16:01:07.252 [Test worker] DEBUG org.springframework.core.env.PropertySourcesPropertyResolver - Found key 'NUMBER_OF_PROCESSORS' in [systemEnvironment] with type [String]
16:01:07.463 [Test worker] DEBUG org.springframework.core.env.PropertySourcesPropertyResolver - Could not find key 'spring.messages.basename' in any property source
16:01:07.464 [Test worker] DEBUG org.springframework.core.io.support.PathMatchingResourcePatternResolver - Resolved classpath location [messages.properties] to resources []
16:01:07.469 [Test worker] DEBUG org.springframework.beans.factory.support.DefaultListableBeanFactory - Returning cached instance of singleton bean 'autoConfigurationReport'
16:01:07.480 [Test worker] DEBUG org.springframework.beans.factory.support.DefaultListableBeanFactory - Returning cached instance of singleton bean 'autoConfigurationReport'
16:01:07.486 [Test worker] DEBUG org.springframework.beans.factory.support.DefaultListableBeanFactory - Returning cached instance of singleton bean 'autoConfigurationReport'
16:01:07.492 [Test worker] DEBUG org.springframework.beans.factory.support.DefaultListableBeanFactory - Returning cached instance of singleton bean 'autoConfigurationReport'
16:01:07.494 [Test worker] DEBUG org.springframework.beans.factory.support.DefaultListableBeanFactory - Returning cached instance of singleton bean 'autoConfigurationReport'
16:01:07.495 [Test worker] DEBUG org.springframework.beans.factory.support.DefaultListableBeanFactory - Returning cached instance of singleton bean 'autoConfigurationReport'
16:01:07.495 [Test worker] DEBUG org.springframework.beans.factory.support.DefaultListableBeanFactory - Returning cached instance of singleton bean 'autoConfigurationReport'
16:01:07.500 [Test worker] DEBUG org.springframework.beans.factory.support.DefaultListableBeanFactory - Returning cached instance of singleton bean 'autoConfigurationReport'
16:01:07.501 [Test worker] DEBUG org.springframework.beans.factory.support.DefaultListableBeanFactory - Returning cached instance of singleton bean 'autoConfigurationReport'
16:01:07.502 [Test worker] DEBUG org.springframework.beans.factory.support.DefaultListableBeanFactory - Returning cached instance of singleton bean 'autoConfigurationReport'
16:01:07.503 [Test worker] DEBUG org.springframework.beans.factory.support.DefaultListableBeanFactory - Returning cached instance of singleton bean 'autoConfigurationReport'
16:01:07.503 [Test worker] DEBUG org.springframework.beans.factory.support.DefaultListableBeanFactory - Returning cached instance of singleton bean 'autoConfigurationReport'
16:01:07.503 [Test worker] DEBUG org.springframework.beans.factory.support.DefaultListableBeanFactory - Returning cached instance of singleton bean 'autoConfigurationReport'
16:01:07.504 [Test worker] DEBUG org.springframework.beans.factory.support.DefaultListableBeanFactory - Returning cached instance of singleton bean 'autoConfigurationReport'
16:01:07.504 [Test worker] DEBUG org.springframework.beans.factory.support.DefaultListableBeanFactory - Returning cached instance of singleton bean 'autoConfigurationReport'
16:01:07.504 [Test worker] DEBUG org.springframework.beans.factory.support.DefaultListableBeanFactory - Returning cached instance of singleton bean 'autoConfigurationReport'
16:01:07.504 [Test worker] DEBUG org.springframework.beans.factory.support.DefaultListableBeanFactory - Returning cached instance of singleton bean 'autoConfigurationReport'
16:01:07.504 [Test worker] DEBUG org.springframework.beans.factory.support.DefaultListableBeanFactory - Returning cached instance of singleton bean 'autoConfigurationReport'
16:01:07.505 [Test worker] DEBUG org.springframework.beans.factory.support.DefaultListableBeanFactory - Returning cached instance of singleton bean 'autoConfigurationReport'
16:01:07.508 [Test worker] DEBUG org.springframework.beans.factory.support.DefaultListableBeanFactory - Returning cached instance of singleton bean 'autoConfigurationReport'
16:01:07.510 [Test worker] DEBUG org.springframework.beans.factory.support.DefaultListableBeanFactory - Returning cached instance of singleton bean 'autoConfigurationReport'
16:01:07.512 [Test worker] DEBUG org.springframework.beans.factory.support.DefaultListableBeanFactory - Returning cached instance of singleton bean 'autoConfigurationReport'
16:01:07.513 [Test worker] DEBUG org.springframework.beans.factory.support.DefaultListableBeanFactory - Returning cached instance of singleton bean 'autoConfigurationReport'
16:01:07.514 [Test worker] DEBUG org.springframework.beans.factory.support.DefaultListableBeanFactory - Returning cached instance of singleton bean 'autoConfigurationReport'
16:01:07.515 [Test worker] DEBUG org.springframework.beans.factory.support.DefaultListableBeanFactory - Returning cached instance of singleton bean 'autoConfigurationReport'
16:01:07.515 [Test worker] DEBUG org.springframework.beans.factory.support.DefaultListableBeanFactory - Returning cached instance of singleton bean 'autoConfigurationReport'
16:01:07.516 [Test worker] DEBUG org.springframework.beans.factory.support.DefaultListableBeanFactory - Returning cached instance of singleton bean 'autoConfigurationReport'
16:01:07.517 [Test worker] DEBUG org.springframework.beans.factory.support.DefaultListableBeanFactory - Returning cached instance of singleton bean 'autoConfigurationReport'
16:01:07.519 [Test worker] DEBUG org.springframework.beans.factory.support.DefaultListableBeanFactory - Returning cached instance of singleton bean 'autoConfigurationReport'
16:01:07.520 [Test worker] DEBUG org.springframework.beans.factory.support.DefaultListableBeanFactory - Returning cached instance of singleton bean 'autoConfigurationReport'
16:01:07.521 [Test worker] DEBUG org.springframework.beans.factory.support.DefaultListableBeanFactory - Returning cached instance of singleton bean 'autoConfigurationReport'
16:01:07.521 [Test worker] DEBUG org.springframework.beans.factory.support.DefaultListableBeanFactory - Returning cached instance of singleton bean 'autoConfigurationReport'
16:01:07.524 [Test worker] DEBUG org.springframework.beans.factory.support.DefaultListableBeanFactory - Returning cached instance of singleton bean 'autoConfigurationReport'
16:01:07.543 [Test worker] DEBUG org.springframework.beans.factory.support.DefaultListableBeanFactory - Returning cached instance of singleton bean 'autoConfigurationReport'
16:01:07.545 [Test worker] DEBUG org.springframework.beans.factory.support.DefaultListableBeanFactory - Returning cached instance of singleton bean 'autoConfigurationReport'
16:01:07.547 [Test worker] DEBUG org.springframework.beans.factory.support.DefaultListableBeanFactory - Returning cached instance of singleton bean 'autoConfigurationReport'
16:01:07.547 [Test worker] DEBUG org.springframework.beans.factory.support.DefaultListableBeanFactory - Returning cached instance of singleton bean 'autoConfigurationReport'
16:01:07.548 [Test worker] DEBUG org.springframework.beans.factory.support.DefaultListableBeanFactory - Returning cached instance of singleton bean 'autoConfigurationReport'
16:01:07.549 [Test worker] DEBUG org.springframework.beans.factory.support.DefaultListableBeanFactory - Returning cached instance of singleton bean 'autoConfigurationReport'
16:01:07.549 [Test worker] DEBUG org.springframework.beans.factory.support.DefaultListableBeanFactory - Returning cached instance of singleton bean 'autoConfigurationReport'
16:01:07.551 [Test worker] DEBUG org.springframework.beans.factory.support.DefaultListableBeanFactory - Returning cached instance of singleton bean 'autoConfigurationReport'
16:01:07.554 [Test worker] DEBUG org.springframework.beans.factory.support.DefaultListableBeanFactory - Returning cached instance of singleton bean 'autoConfigurationReport'
16:01:07.555 [Test worker] DEBUG org.springframework.beans.factory.support.DefaultListableBeanFactory - Returning cached instance of singleton bean 'autoConfigurationReport'
16:01:07.556 [Test worker] DEBUG org.springframework.beans.factory.support.DefaultListableBeanFactory - Returning cached instance of singleton bean 'autoConfigurationReport'
16:01:07.559 [Test worker] DEBUG org.springframework.beans.factory.support.DefaultListableBeanFactory - Returning cached instance of singleton bean 'autoConfigurationReport'
16:01:07.560 [Test worker] DEBUG org.springframework.beans.factory.support.DefaultListableBeanFactory - Returning cached instance of singleton bean 'autoConfigurationReport'
16:01:07.561 [Test worker] DEBUG org.springframework.beans.factory.support.DefaultListableBeanFactory - Returning cached instance of singleton bean 'autoConfigurationReport'
16:01:07.564 [Test worker] DEBUG org.springframework.beans.factory.support.DefaultListableBeanFactory - Returning cached instance of singleton bean 'autoConfigurationReport'
16:01:07.565 [Test worker] DEBUG org.springframework.beans.factory.support.DefaultListableBeanFactory - Returning cached instance of singleton bean 'autoConfigurationReport'
16:01:07.566 [Test worker] DEBUG org.springframework.beans.factory.support.DefaultListableBeanFactory - Returning cached instance of singleton bean 'autoConfigurationReport'
16:01:07.567 [Test worker] DEBUG org.springframework.beans.factory.support.DefaultListableBeanFactory - Returning cached instance of singleton bean 'autoConfigurationReport'
16:01:07.568 [Test worker] DEBUG org.springframework.beans.factory.support.DefaultListableBeanFactory - Returning cached instance of singleton bean 'autoConfigurationReport'
16:01:07.569 [Test worker] DEBUG org.springframework.beans.factory.support.DefaultListableBeanFactory - Returning cached instance of singleton bean 'autoConfigurationReport'
16:01:07.570 [Test worker] DEBUG org.springframework.beans.factory.support.DefaultListableBeanFactory - Returning cached instance of singleton bean 'autoConfigurationReport'
16:01:07.571 [Test worker] DEBUG org.springframework.beans.factory.support.DefaultListableBeanFactory - Returning cached instance of singleton bean 'autoConfigurationReport'
16:01:07.572 [Test worker] DEBUG org.springframework.beans.factory.support.DefaultListableBeanFactory - Returning cached instance of singleton bean 'autoConfigurationReport'
16:01:07.572 [Test worker] DEBUG org.springframework.beans.factory.support.DefaultListableBeanFactory - Returning cached instance of singleton bean 'autoConfigurationReport'
16:01:07.572 [Test worker] DEBUG org.springframework.beans.factory.support.DefaultListableBeanFactory - Returning cached instance of singleton bean 'autoConfigurationReport'
16:01:07.575 [Test worker] DEBUG org.springframework.beans.factory.support.DefaultListableBeanFactory - Returning cached instance of singleton bean 'autoConfigurationReport'
16:01:07.579 [Test worker] DEBUG org.springframework.beans.factory.support.DefaultListableBeanFactory - Returning cached instance of singleton bean 'autoConfigurationReport'
16:01:07.580 [Test worker] DEBUG org.springframework.beans.factory.support.DefaultListableBeanFactory - Returning cached instance of singleton bean 'autoConfigurationReport'
16:01:07.586 [Test worker] DEBUG org.springframework.beans.factory.support.DefaultListableBeanFactory - Returning cached instance of singleton bean 'autoConfigurationReport'
16:01:07.587 [Test worker] DEBUG org.springframework.beans.factory.support.DefaultListableBeanFactory - Returning cached instance of singleton bean 'autoConfigurationReport'
16:01:07.588 [Test worker] DEBUG org.springframework.beans.factory.support.DefaultListableBeanFactory - Returning cached instance of singleton bean 'autoConfigurationReport'
16:01:07.588 [Test worker] DEBUG org.springframework.beans.factory.support.DefaultListableBeanFactory - Returning cached instance of singleton bean 'autoConfigurationReport'
16:01:07.589 [Test worker] DEBUG org.springframework.beans.factory.support.DefaultListableBeanFactory - Returning cached instance of singleton bean 'autoConfigurationReport'
16:01:07.590 [Test worker] DEBUG org.springframework.beans.factory.support.DefaultListableBeanFactory - Returning cached instance of singleton bean 'autoConfigurationReport'
16:01:07.596 [Test worker] DEBUG org.springframework.beans.factory.support.DefaultListableBeanFactory - Returning cached instance of singleton bean 'autoConfigurationReport'
16:01:07.596 [Test worker] DEBUG org.springframework.beans.factory.support.DefaultListableBeanFactory - Returning cached instance of singleton bean 'autoConfigurationReport'
16:01:07.597 [Test worker] DEBUG org.springframework.beans.factory.support.DefaultListableBeanFactory - Returning cached instance of singleton bean 'autoConfigurationReport'
16:01:07.598 [Test worker] DEBUG org.springframework.beans.factory.support.DefaultListableBeanFactory - Returning cached instance of singleton bean 'autoConfigurationReport'
16:01:07.599 [Test worker] DEBUG org.springframework.beans.factory.support.DefaultListableBeanFactory - Returning cached instance of singleton bean 'autoConfigurationReport'
16:01:07.600 [Test worker] DEBUG org.springframework.beans.factory.support.DefaultListableBeanFactory - Returning cached instance of singleton bean 'autoConfigurationReport'
16:01:07.601 [Test worker] DEBUG org.springframework.beans.factory.support.DefaultListableBeanFactory - Returning cached instance of singleton bean 'autoConfigurationReport'
16:01:07.601 [Test worker] DEBUG org.springframework.beans.factory.support.DefaultListableBeanFactory - Returning cached instance of singleton bean 'autoConfigurationReport'
16:01:07.601 [Test worker] DEBUG org.springframework.beans.factory.support.DefaultListableBeanFactory - Returning cached instance of singleton bean 'autoConfigurationReport'
16:01:07.603 [Test worker] DEBUG org.springframework.beans.factory.support.DefaultListableBeanFactory - Returning cached instance of singleton bean 'autoConfigurationReport'
16:01:07.604 [Test worker] DEBUG org.springframework.beans.factory.support.DefaultListableBeanFactory - Returning cached instance of singleton bean 'autoConfigurationReport'
16:01:07.605 [Test worker] DEBUG org.springframework.beans.factory.support.DefaultListableBeanFactory - Returning cached instance of singleton bean 'autoConfigurationReport'
16:01:07.609 [Test worker] DEBUG org.springframework.beans.factory.support.DefaultListableBeanFactory - Returning cached instance of singleton bean 'autoConfigurationReport'
16:01:07.609 [Test worker] DEBUG org.springframework.beans.factory.support.DefaultListableBeanFactory - Returning cached instance of singleton bean 'autoConfigurationReport'
16:01:07.610 [Test worker] DEBUG org.springframework.beans.factory.support.DefaultListableBeanFactory - Returning cached instance of singleton bean 'autoConfigurationReport'
16:01:07.614 [Test worker] DEBUG org.springframework.beans.factory.support.DefaultListableBeanFactory - Returning cached instance of singleton bean 'autoConfigurationReport'
16:01:07.619 [Test worker] DEBUG org.springframework.beans.factory.support.DefaultListableBeanFactory - Returning cached instance of singleton bean 'autoConfigurationReport'
16:01:07.620 [Test worker] DEBUG org.springframework.beans.factory.support.DefaultListableBeanFactory - Returning cached instance of singleton bean 'autoConfigurationReport'
16:01:07.623 [Test worker] DEBUG org.springframework.beans.factory.support.DefaultListableBeanFactory - Returning cached instance of singleton bean 'autoConfigurationReport'
16:01:07.625 [Test worker] DEBUG org.springframework.beans.factory.support.DefaultListableBeanFactory - Returning cached instance of singleton bean 'autoConfigurationReport'
16:01:07.625 [Test worker] DEBUG org.springframework.beans.factory.support.DefaultListableBeanFactory - Returning cached instance of singleton bean 'autoConfigurationReport'
16:01:07.628 [Test worker] DEBUG org.springframework.beans.factory.support.DefaultListableBeanFactory - Returning cached instance of singleton bean 'autoConfigurationReport'
16:01:07.629 [Test worker] DEBUG org.springframework.beans.factory.support.DefaultListableBeanFactory - Returning cached instance of singleton bean 'autoConfigurationReport'
16:01:07.631 [Test worker] DEBUG org.springframework.beans.factory.support.DefaultListableBeanFactory - Returning cached instance of singleton bean 'autoConfigurationReport'
16:01:07.632 [Test worker] DEBUG org.springframework.beans.factory.support.DefaultListableBeanFactory - Returning cached instance of singleton bean 'autoConfigurationReport'
16:01:07.633 [Test worker] DEBUG org.springframework.beans.factory.support.DefaultListableBeanFactory - Returning cached instance of singleton bean 'autoConfigurationReport'
16:01:07.634 [Test worker] DEBUG org.springframework.beans.factory.support.DefaultListableBeanFactory - Returning cached instance of singleton bean 'autoConfigurationReport'
16:01:07.634 [Test worker] DEBUG org.springframework.beans.factory.support.DefaultListableBeanFactory - Returning cached instance of singleton bean 'autoConfigurationReport'
16:01:07.635 [Test worker] DEBUG org.springframework.beans.factory.support.DefaultListableBeanFactory - Returning cached instance of singleton bean 'autoConfigurationReport'
16:01:07.636 [Test worker] DEBUG org.springframework.beans.factory.support.DefaultListableBeanFactory - Returning cached instance of singleton bean 'autoConfigurationReport'
16:01:07.636 [Test worker] DEBUG org.springframework.beans.factory.support.DefaultListableBeanFactory - Returning cached instance of singleton bean 'autoConfigurationReport'
16:01:07.637 [Test worker] DEBUG org.springframework.beans.factory.support.DefaultListableBeanFactory - Returning cached instance of singleton bean 'autoConfigurationReport'
16:01:07.637 [Test worker] DEBUG org.springframework.beans.factory.support.DefaultListableBeanFactory - Returning cached instance of singleton bean 'autoConfigurationReport'
16:01:07.640 [Test worker] DEBUG org.springframework.beans.factory.support.DefaultListableBeanFactory - Returning cached instance of singleton bean 'autoConfigurationReport'
16:01:07.641 [Test worker] DEBUG org.springframework.beans.factory.support.DefaultListableBeanFactory - Returning cached instance of singleton bean 'autoConfigurationReport'
16:01:07.641 [Test worker] DEBUG org.springframework.beans.factory.support.DefaultListableBeanFactory - Returning cached instance of singleton bean 'autoConfigurationReport'
16:01:07.642 [Test worker] DEBUG org.springframework.beans.factory.support.DefaultListableBeanFactory - Returning cached instance of singleton bean 'autoConfigurationReport'
16:01:07.643 [Test worker] DEBUG org.springframework.beans.factory.support.DefaultListableBeanFactory - Returning cached instance of singleton bean 'autoConfigurationReport'
16:01:07.644 [Test worker] DEBUG org.springframework.beans.factory.support.DefaultListableBeanFactory - Returning cached instance of singleton bean 'autoConfigurationReport'
16:01:07.644 [Test worker] DEBUG org.springframework.beans.factory.support.DefaultListableBeanFactory - Returning cached instance of singleton bean 'autoConfigurationReport'
16:01:07.645 [Test worker] DEBUG org.springframework.beans.factory.support.DefaultListableBeanFactory - Returning cached instance of singleton bean 'autoConfigurationReport'
16:01:07.645 [Test worker] DEBUG org.springframework.beans.factory.support.DefaultListableBeanFactory - Returning cached instance of singleton bean 'autoConfigurationReport'
16:01:07.646 [Test worker] DEBUG org.springframework.beans.factory.support.DefaultListableBeanFactory - Returning cached instance of singleton bean 'autoConfigurationReport'
16:01:07.647 [Test worker] DEBUG org.springframework.beans.factory.support.DefaultListableBeanFactory - Returning cached instance of singleton bean 'autoConfigurationReport'
16:01:07.648 [Test worker] DEBUG org.springframework.beans.factory.support.DefaultListableBeanFactory - Returning cached instance of singleton bean 'autoConfigurationReport'
16:01:07.648 [Test worker] DEBUG org.springframework.beans.factory.support.DefaultListableBeanFactory - Returning cached instance of singleton bean 'autoConfigurationReport'
16:01:07.648 [Test worker] DEBUG org.springframework.beans.factory.support.DefaultListableBeanFactory - Returning cached instance of singleton bean 'autoConfigurationReport'
16:01:07.649 [Test worker] DEBUG org.springframework.beans.factory.support.DefaultListableBeanFactory - Returning cached instance of singleton bean 'autoConfigurationReport'
16:01:07.650 [Test worker] DEBUG org.springframework.beans.factory.support.DefaultListableBeanFactory - Returning cached instance of singleton bean 'autoConfigurationReport'
16:01:07.650 [Test worker] DEBUG org.springframework.beans.factory.support.DefaultListableBeanFactory - Returning cached instance of singleton bean 'autoConfigurationReport'
16:01:07.651 [Test worker] DEBUG org.springframework.beans.factory.support.DefaultListableBeanFactory - Returning cached instance of singleton bean 'autoConfigurationReport'
16:01:07.653 [Test worker] DEBUG org.springframework.beans.factory.support.DefaultListableBeanFactory - Returning cached instance of singleton bean 'autoConfigurationReport'
16:01:07.654 [Test worker] DEBUG org.springframework.beans.factory.support.DefaultListableBeanFactory - Returning cached instance of singleton bean 'autoConfigurationReport'
16:01:07.657 [Test worker] DEBUG org.springframework.beans.factory.support.DefaultListableBeanFactory - Returning cached instance of singleton bean 'autoConfigurationReport'
16:01:07.659 [Test worker] DEBUG org.springframework.beans.factory.support.DefaultListableBeanFactory - Returning cached instance of singleton bean 'autoConfigurationReport'
16:01:07.659 [Test worker] DEBUG org.springframework.beans.factory.support.DefaultListableBeanFactory - Returning cached instance of singleton bean 'autoConfigurationReport'
16:01:07.660 [Test worker] DEBUG org.springframework.beans.factory.support.DefaultListableBeanFactory - Returning cached instance of singleton bean 'autoConfigurationReport'
16:01:07.660 [Test worker] DEBUG org.springframework.beans.factory.support.DefaultListableBeanFactory - Returning cached instance of singleton bean 'autoConfigurationReport'
16:01:07.663 [Test worker] DEBUG org.springframework.beans.factory.support.DefaultListableBeanFactory - Returning cached instance of singleton bean 'autoConfigurationReport'
16:01:07.665 [Test worker] DEBUG org.springframework.beans.factory.support.DefaultListableBeanFactory - Returning cached instance of singleton bean 'autoConfigurationReport'
16:01:07.667 [Test worker] DEBUG org.springframework.beans.factory.support.DefaultListableBeanFactory - Returning cached instance of singleton bean 'autoConfigurationReport'
16:01:07.667 [Test worker] DEBUG org.springframework.beans.factory.support.DefaultListableBeanFactory - Returning cached instance of singleton bean 'autoConfigurationReport'
16:01:07.670 [Test worker] DEBUG org.springframework.context.annotation.ConfigurationClassBeanDefinitionReader - Registering bean definition for @Bean method config.MongoConfig.mongo()
16:01:07.671 [Test worker] DEBUG org.springframework.context.annotation.ConfigurationClassBeanDefinitionReader - Registering bean definition for @Bean method config.MongoConfig.mappingMongoConverter()
16:01:07.671 [Test worker] DEBUG org.springframework.context.annotation.ConfigurationClassBeanDefinitionReader - Registering bean definition for @Bean method config.MongoConfig.isNewStrategyFactory()
16:01:07.671 [Test worker] DEBUG org.springframework.context.annotation.ConfigurationClassBeanDefinitionReader - Registering bean definition for @Bean method config.MongoConfig.customConversions()
16:01:07.672 [Test worker] DEBUG org.springframework.context.annotation.ConfigurationClassBeanDefinitionReader - Registering bean definition for @Bean method config.MongoConfig.mongoMappingContext()
16:01:07.672 [Test worker] DEBUG org.springframework.context.annotation.ConfigurationClassBeanDefinitionReader - Registering bean definition for @Bean method config.MongoConfig.mongoTemplate()
16:01:07.672 [Test worker] DEBUG org.springframework.context.annotation.ConfigurationClassBeanDefinitionReader - Registering bean definition for @Bean method config.MongoConfig.mongoDbFactory()
16:01:07.677 [Test worker] DEBUG org.springframework.core.env.StandardEnvironment - Adding [systemProperties] PropertySource with lowest search precedence
16:01:07.677 [Test worker] DEBUG org.springframework.core.env.StandardEnvironment - Adding [systemEnvironment] PropertySource with lowest search precedence
16:01:07.677 [Test worker] DEBUG org.springframework.core.env.StandardEnvironment - Initialized StandardEnvironment with PropertySources [systemProperties,systemEnvironment]
16:01:07.678 [Test worker] DEBUG org.springframework.core.io.support.PathMatchingResourcePatternResolver - Resolved classpath location [org/springframework/data/] to resources [URL [jar:file:/C:/Users/Domien/.gradle/caches/modules-2/files-2.1/org.springframework.data/spring-data-mongodb/1.9.4.RELEASE/73fff9ef6aeea66c7ae8b63809e88d4c848f4f0a/spring-data-mongodb-1.9.4.RELEASE.jar!/org/springframework/data/], URL [jar:file:/C:/Users/Domien/.gradle/caches/modules-2/files-2.1/org.springframework.data/spring-data-commons/1.12.5.RELEASE/29ed49845ecb804c140a8fea7bb4a524b0502135/spring-data-commons-1.12.5.RELEASE.jar!/org/springframework/data/]]
16:01:07.678 [Test worker] DEBUG org.springframework.core.io.support.PathMatchingResourcePatternResolver - Looking for matching resources in jar file [file:/C:/Users/Domien/.gradle/caches/modules-2/files-2.1/org.springframework.data/spring-data-mongodb/1.9.4.RELEASE/73fff9ef6aeea66c7ae8b63809e88d4c848f4f0a/spring-data-mongodb-1.9.4.RELEASE.jar]
16:01:07.686 [Test worker] DEBUG org.springframework.core.io.support.PathMatchingResourcePatternResolver - Looking for matching resources in jar file [file:/C:/Users/Domien/.gradle/caches/modules-2/files-2.1/org.springframework.data/spring-data-commons/1.12.5.RELEASE/29ed49845ecb804c140a8fea7bb4a524b0502135/spring-data-commons-1.12.5.RELEASE.jar]
16:01:07.694 [Test worker] DEBUG org.springframework.core.io.support.PathMatchingResourcePatternResolver - Resolved location pattern [classpath*:org/springframework/data/**/repository/support/**/*.class] to resources [URL [jar:file:/C:/Users/Domien/.gradle/caches/modules-2/files-2.1/org.springframework.data/spring-data-mongodb/1.9.4.RELEASE/73fff9ef6aeea66c7ae8b63809e88d4c848f4f0a/spring-data-mongodb-1.9.4.RELEASE.jar!/org/springframework/data/mongodb/repository/support/IndexEnsuringQueryCreationListener.class], URL [jar:file:/C:/Users/Domien/.gradle/caches/modules-2/files-2.1/org.springframework.data/spring-data-mongodb/1.9.4.RELEASE/73fff9ef6aeea66c7ae8b63809e88d4c848f4f0a/spring-data-mongodb-1.9.4.RELEASE.jar!/org/springframework/data/mongodb/repository/support/MappingMongoEntityInformation.class], URL [jar:file:/C:/Users/Domien/.gradle/caches/modules-2/files-2.1/org.springframework.data/spring-data-mongodb/1.9.4.RELEASE/73fff9ef6aeea66c7ae8b63809e88d4c848f4f0a/spring-data-mongodb-1.9.4.RELEASE.jar!/org/springframework/data/mongodb/repository/support/MongoAnnotationProcessor.class], URL [jar:file:/C:/Users/Domien/.gradle/caches/modules-2/files-2.1/org.springframework.data/spring-data-mongodb/1.9.4.RELEASE/73fff9ef6aeea66c7ae8b63809e88d4c848f4f0a/spring-data-mongodb-1.9.4.RELEASE.jar!/org/springframework/data/mongodb/repository/support/MongoRepositoryFactory$MongoQueryLookupStrategy.class], URL [jar:file:/C:/Users/Domien/.gradle/caches/modules-2/files-2.1/org.springframework.data/spring-data-mongodb/1.9.4.RELEASE/73fff9ef6aeea66c7ae8b63809e88d4c848f4f0a/spring-data-mongodb-1.9.4.RELEASE.jar!/org/springframework/data/mongodb/repository/support/MongoRepositoryFactory.class], URL [jar:file:/C:/Users/Domien/.gradle/caches/modules-2/files-2.1/org.springframework.data/spring-data-mongodb/1.9.4.RELEASE/73fff9ef6aeea66c7ae8b63809e88d4c848f4f0a/spring-data-mongodb-1.9.4.RELEASE.jar!/org/springframework/data/mongodb/repository/support/MongoRepositoryFactoryBean.class], URL [jar:file:/C:/Users/Domien/.gradle/caches/modules-2/files-2.1/org.springframework.data/spring-data-mongodb/1.9.4.RELEASE/73fff9ef6aeea66c7ae8b63809e88d4c848f4f0a/spring-data-mongodb-1.9.4.RELEASE.jar!/
[...]
16:01:10.749 [Test worker] DEBUG org.springframework.beans.factory.support.DefaultListableBeanFactory - Returning cached instance of singleton bean 'springSecurityFilterChain'
16:01:10.749 [Test worker] DEBUG org.springframework.beans.factory.support.DefaultListableBeanFactory - Returning cached instance of singleton bean 'privilegeEvaluator'
16:01:10.749 [Test worker] DEBUG org.springframework.beans.factory.support.DefaultListableBeanFactory - Returning cached instance of singleton bean 'autowiredWebSecurityConfigurersIgnoreParents'
16:01:10.749 [Test worker] DEBUG org.springframework.beans.factory.support.DefaultListableBeanFactory - Returning cached instance of singleton bean 'org.springframework.security.config.annotation.configuration.ObjectPostProcessorConfiguration'
16:01:10.749 [Test worker] DEBUG org.springframework.beans.factory.support.DefaultListableBeanFactory - Returning cached instance of singleton bean 'objectPostProcessor'
16:01:10.749 [Test worker] DEBUG org.springframework.beans.factory.support.DefaultListableBeanFactory - Returning cached instance of singleton bean 'org.springframework.security.config.annotation.web.configuration.WebMvcSecurityConfiguration'
16:01:10.749 [Test worker] DEBUG org.springframework.beans.factory.support.DefaultListableBeanFactory - Returning cached instance of singleton bean 'requestDataValueProcessor'
16:01:10.749 [Test worker] DEBUG org.springframework.beans.factory.support.DefaultListableBeanFactory - Returning cached instance of singleton bean 'passwordEncoder'
16:01:10.749 [Test worker] DEBUG org.springframework.beans.factory.support.DefaultListableBeanFactory - Returning cached instance of singleton bean 'authenticationTokenFilterBean'
16:01:10.749 [Test worker] DEBUG org.springframework.beans.factory.support.DefaultListableBeanFactory - Returning cached instance of singleton bean 'userRepository'
16:01:10.749 [Test worker] DEBUG org.springframework.beans.factory.support.DefaultListableBeanFactory - Returning cached instance of singleton bean 'org.springframework.boot.autoconfigure.AutoConfigurationPackages'
16:01:10.749 [Test worker] DEBUG org.springframework.beans.factory.support.DefaultListableBeanFactory - Returning cached instance of singleton bean 'org.springframework.boot.autoconfigure.PropertyPlaceholderAutoConfiguration'
16:01:10.749 [Test worker] DEBUG org.springframework.beans.factory.support.DefaultListableBeanFactory - Returning cached instance of singleton bean 'org.springframework.boot.autoconfigure.condition.BeanTypeRegistry'
16:01:10.749 [Test worker] DEBUG org.springframework.beans.factory.support.DefaultListableBeanFactory - Returning cached instance of singleton bean 'propertySourcesPlaceholderConfigurer'
16:01:10.749 [Test worker] DEBUG org.springframework.beans.factory.support.DefaultListableBeanFactory - Returning cached instance of singleton bean 'org.springframework.boot.autoconfigure.jackson.JacksonAutoConfiguration$Jackson2ObjectMapperBuilderCustomizerConfiguration'
16:01:10.749 [Test worker] DEBUG org.springframework.beans.factory.support.DefaultListableBeanFactory - Returning cached instance of singleton bean 'standardJacksonObjectMapperBuilderCustomizer'
16:01:10.749 [Test worker] DEBUG org.springframework.beans.factory.support.DefaultListableBeanFactory - Returning cached instance of singleton bean 'spring.jackson-org.springframework.boot.autoconfigure.jackson.JacksonProperties'
16:01:10.749 [Test worker] DEBUG org.springframework.beans.factory.support.DefaultListableBeanFactory - Returning cached instance of singleton bean 'org.springframework.boot.context.properties.ConfigurationPropertiesBindingPostProcessor'
16:01:10.749 [Test worker] DEBUG org.springframework.beans.factory.support.DefaultListableBeanFactory - Returning cached instance of singleton bean 'org.springframework.boot.context.properties.ConfigurationPropertiesBindingPostProcessor.store'
16:01:10.749 [Test worker] DEBUG org.springframework.beans.factory.support.DefaultListableBeanFactory - Returning cached instance of singleton bean 'org.springframework.boot.autoconfigure.jackson.JacksonAutoConfiguration$JacksonObjectMapperBuilderConfiguration'
16:01:10.749 [Test worker] DEBUG org.springframework.beans.factory.support.DefaultListableBeanFactory - Returning cached instance of singleton bean 'jacksonObjectMapperBuilder'
16:01:10.749 [Test worker] DEBUG org.springframework.beans.factory.support.DefaultListableBeanFactory - Returning cached instance of singleton bean 'org.springframework.boot.autoconfigure.jackson.JacksonAutoConfiguration$JacksonObjectMapperConfiguration'
16:01:10.749 [Test worker] DEBUG org.springframework.beans.factory.support.DefaultListableBeanFactory - Returning cached instance of singleton bean 'jacksonObjectMapper'
16:01:10.749 [Test worker] DEBUG org.springframework.beans.factory.support.DefaultListableBeanFactory - Returning cached instance of singleton bean 'org.springframework.boot.autoconfigure.jackson.JacksonAutoConfiguration'
16:01:10.749 [Test worker] DEBUG org.springframework.beans.factory.support.DefaultListableBeanFactory - Returning cached instance of singleton bean 'jsonComponentModule'
16:01:10.749 [Test worker] DEBUG org.springframework.beans.factory.support.DefaultListableBeanFactory - Returning cached instance of singleton bean 'org.springframework.boot.autoconfigure.jmx.JmxAutoConfiguration'
16:01:10.749 [Test worker] DEBUG org.springframework.beans.factory.support.DefaultListableBeanFactory - Returning cached instance of singleton bean 'mbeanExporter'
16:01:10.749 [Test worker] DEBUG org.springframework.beans.factory.support.DefaultListableBeanFactory - Returning cached instance of singleton bean 'objectNamingStrategy'
16:01:10.749 [Test worker] DEBUG org.springframework.beans.factory.support.DefaultListableBeanFactory - Returning cached instance of singleton bean 'mbeanServer'
16:01:10.749 [Test worker] DEBUG org.springframework.beans.factory.support.DefaultListableBeanFactory - Returning cached instance of singleton bean 'org.springframework.boot.autoconfigure.context.ConfigurationPropertiesAutoConfiguration'
16:01:10.749 [Test worker] DEBUG org.springframework.beans.factory.support.DefaultListableBeanFactory - Returning cached instance of singleton bean 'org.springframework.boot.autoconfigure.dao.PersistenceExceptionTranslationAutoConfiguration'
16:01:10.749 [Test worker] DEBUG org.springframework.beans.factory.support.DefaultListableBeanFactory - Returning cached instance of singleton bean 'persistenceExceptionTranslationPostProcessor'
16:01:10.749 [Test worker] DEBUG org.springframework.beans.factory.support.DefaultListableBeanFactory - Returning cached instance of singleton bean 'org.springframework.boot.autoconfigure.data.mongo.MongoDataAutoConfiguration'
16:01:10.749 [Test worker] DEBUG org.springframework.beans.factory.support.DefaultListableBeanFactory - Returning cached instance of singleton bean 'gridFsTemplate'
16:01:10.749 [Test worker] DEBUG org.springframework.beans.factory.support.DefaultListableBeanFactory - Returning cached instance of singleton bean 'spring.data.mongodb-org.springframework.boot.autoconfigure.mongo.MongoProperties'
16:01:10.749 [Test worker] DEBUG org.springframework.beans.factory.support.DefaultListableBeanFactory - Returning cached instance of singleton bean 'org.springframework.boot.autoconfigure.web.HttpMessageConvertersAutoConfiguration$StringHttpMessageConverterConfiguration'
16:01:10.749 [Test worker] DEBUG org.springframework.beans.factory.support.DefaultListableBeanFactory - Returning cached instance of singleton bean 'stringHttpMessageConverter'
16:01:10.749 [Test worker] DEBUG org.springframework.beans.factory.support.DefaultListableBeanFactory - Returning cached instance of singleton bean 'spring.http.encoding-org.springframework.boot.autoconfigure.web.HttpEncodingProperties'
16:01:10.749 [Test worker] DEBUG org.springframework.beans.factory.support.DefaultListableBeanFactory - Returning cached instance of singleton bean 'org.springframework.boot.autoconfigure.web.JacksonHttpMessageConvertersConfiguration$MappingJackson2HttpMessageConverterConfiguration'
16:01:10.749 [Test worker] DEBUG org.springframework.beans.factory.support.DefaultListableBeanFactory - Returning cached instance of singleton bean 'mappingJackson2HttpMessageConverter'
16:01:10.749 [Test worker] DEBUG org.springframework.beans.factory.support.DefaultListableBeanFactory - Returning cached instance of singleton bean 'org.springframework.boot.autoconfigure.web.JacksonHttpMessageConvertersConfiguration'
16:01:10.749 [Test worker] DEBUG org.springframework.beans.factory.support.DefaultListableBeanFactory - Returning cached instance of singleton bean 'org.springframework.boot.autoconfigure.web.HttpMessageConvertersAutoConfiguration'
16:01:10.749 [Test worker] DEBUG org.springframework.beans.factory.support.DefaultListableBeanFactory - Returning cached instance of singleton bean 'messageConverters'
16:01:10.749 [Test worker] DEBUG org.springframework.beans.factory.support.DefaultListableBeanFactory - Returning cached instance of singleton bean 'org.springframework.boot.autoconfigure.groovy.template.GroovyTemplateAutoConfiguration$GroovyMarkupConfiguration'
16:01:10.749 [Test worker] DEBUG org.springframework.beans.factory.support.DefaultListableBeanFactory - Returning cached instance of singleton bean 'groovyMarkupConfigurer'
16:01:10.749 [Test worker] DEBUG org.springframework.beans.factory.support.DefaultListableBeanFactory - Returning cached instance of singleton bean 'org.springframework.boot.autoconfigure.groovy.template.GroovyTemplateAutoConfiguration'
16:01:10.749 [Test worker] DEBUG org.springframework.beans.factory.support.DefaultListableBeanFactory - Returning cached instance of singleton bean 'spring.groovy.template-org.springframework.boot.autoconfigure.groovy.template.GroovyTemplateProperties'
16:01:10.749 [Test worker] DEBUG org.springframework.beans.factory.support.DefaultListableBeanFactory - Returning cached instance of singleton bean 'org.springframework.boot.autoconfigure.security.AuthenticationManagerConfiguration$AuthenticationManagerConfigurationListener'
16:01:10.749 [Test worker] DEBUG org.springframework.beans.factory.support.DefaultListableBeanFactory - Returning cached instance of singleton bean 'org.springframework.boot.autoconfigure.security.AuthenticationManagerConfiguration'
16:01:10.749 [Test worker] DEBUG org.springframework.beans.factory.support.DefaultListableBeanFactory - Returning cached instance of singleton bean 'authenticationManager'
16:01:10.749 [Test worker] DEBUG org.springframework.beans.factory.support.DefaultListableBeanFactory - Returning cached instance of singleton bean 'springBootAuthenticationConfigurerAdapter'
16:01:10.749 [Test worker] DEBUG org.springframework.beans.factory.support.DefaultListableBeanFactory - Returning cached instance of singleton bean 'org.springframework.boot.autoconfigure.security.BootGlobalAuthenticationConfiguration'
16:01:10.749 [Test worker] DEBUG org.springframework.beans.factory.support.DefaultListableBeanFactory - Returning cached instance of singleton bean 'bootGlobalAuthenticationConfigurationAdapter'
16:01:10.749 [Test worker] DEBUG org.springframework.beans.factory.support.DefaultListableBeanFactory - Returning cached instance of singleton bean 'org.springframework.boot.autoconfigure.security.SecurityAutoConfiguration'
16:01:10.749 [Test worker] DEBUG org.springframework.beans.factory.support.DefaultListableBeanFactory - Returning cached instance of singleton bean 'authenticationEventPublisher'
16:01:10.749 [Test worker] DEBUG org.springframework.beans.factory.support.DefaultListableBeanFactory - Returning cached instance of singleton bean 'securityProperties'
16:01:10.749 [Test worker] DEBUG org.springframework.beans.factory.support.DefaultListableBeanFactory - Returning cached instance of singleton bean 'org.springframework.boot.autoconfigure.info.ProjectInfoAutoConfiguration'
16:01:10.749 [Test worker] DEBUG org.springframework.beans.factory.support.DefaultListableBeanFactory - Returning cached instance of singleton bean 'spring.info-org.springframework.boot.autoconfigure.info.ProjectInfoProperties'
16:01:10.749 [Test worker] DEBUG org.springframework.beans.factory.support.DefaultListableBeanFactory - Returning cached instance of singleton bean 'org.springframework.boot.autoconfigure.web.MultipartAutoConfiguration'
16:01:10.749 [Test worker] DEBUG org.springframework.beans.factory.support.DefaultListableBeanFactory - Returning cached instance of singleton bean 'multipartConfigElement'
16:01:10.749 [Test worker] DEBUG org.springframework.beans.factory.support.DefaultListableBeanFactory - Returning cached instance of singleton bean 'multipartResolver'
16:01:10.749 [Test worker] DEBUG org.springframework.beans.factory.support.DefaultListableBeanFactory - Returning cached instance of singleton bean 'spring.http.multipart-org.springframework.boot.autoconfigure.web.MultipartProperties'
16:01:10.749 [Test worker] DEBUG org.springframework.beans.factory.support.DefaultListableBeanFactory - Returning cached instance of singleton bean 'org.springframework.boot.autoconfigure.web.WebClientAutoConfiguration$RestTemplateConfiguration'
16:01:10.749 [Test worker] DEBUG org.springframework.beans.factory.support.DefaultListableBeanFactory - Returning cached instance of singleton bean 'restTemplateBuilder'
16:01:10.749 [Test worker] DEBUG org.springframework.beans.factory.support.DefaultListableBeanFactory - Returning cached instance of singleton bean 'org.springframework.boot.autoconfigure.web.WebClientAutoConfiguration'
16:01:10.749 [Test worker] DEBUG org.springframework.beans.factory.support.DefaultListableBeanFactory - Returning cached instance of singleton bean 'org.springframework.boot.test.mock.mockito.MockitoBeans'
16:01:10.750 [Test worker] DEBUG org.springframework.test.context.cache.DefaultCacheAwareContextLoaderDelegate - Retrieved ApplicationContext from cache with key [[MergedContextConfiguration@1df06d testClass = CheckResponseTest, locations = '{}', classes = '{interface db.EntryRepository, class config.MongoConfig, class App.Application}', contextInitializerClasses = '[]', activeProfiles = '{}', propertySourceLocations = '{}', propertySourceProperties = '{}', contextCustomizers = set[org.springframework.boot.test.context.filter.ExcludeFilterContextCustomizer@cd816, org.springframework.boot.test.mock.mockito.MockitoContextCustomizer@0, org.springframework.boot.test.autoconfigure.properties.PropertyMappingContextCustomizer@0, org.springframework.boot.test.autoconfigure.web.servlet.WebDriverContextCustomizerFactory$Customizer@c9e4de], contextLoader = 'org.springframework.test.context.support.DelegatingSmartContextLoader', parent = [null]]]
16:01:10.750 [Test worker] DEBUG org.springframework.test.context.cache - Spring test ApplicationContext cache statistics: [DefaultContextCache@a60c7e size = 1, maxSize = 32, parentContextCount = 0, hitCount = 14, missCount = 1]
16:01:10.750 [Test worker] DEBUG org.springframework.test.context.cache.DefaultCacheAwareContextLoaderDelegate - Retrieved ApplicationContext from cache with key [[MergedContextConfiguration@1df06d testClass = CheckResponseTest, locations = '{}', classes = '{interface db.EntryRepository, class config.MongoConfig, class App.Application}', contextInitializerClasses = '[]', activeProfiles = '{}', propertySourceLocations = '{}', propertySourceProperties = '{}', contextCustomizers = set[org.springframework.boot.test.context.filter.ExcludeFilterContextCustomizer@cd816, org.springframework.boot.test.mock.mockito.MockitoContextCustomizer@0, org.springframework.boot.test.autoconfigure.properties.PropertyMappingContextCustomizer@0, org.springframework.boot.test.autoconfigure.web.servlet.WebDriverContextCustomizerFactory$Customizer@c9e4de], contextLoader = 'org.springframework.test.context.support.DelegatingSmartContextLoader', parent = [null]]]
16:01:10.750 [Test worker] DEBUG org.springframework.test.context.cache - Spring test ApplicationContext cache statistics: [DefaultContextCache@a60c7e size = 1, maxSize = 32, parentContextCount = 0, hitCount = 15, missCount = 1]
16:01:10.750 [Test worker] DEBUG org.springframework.test.context.cache.DefaultCacheAwareContextLoaderDelegate - Retrieved ApplicationContext from cache with key [[MergedContextConfiguration@1df06d testClass = CheckResponseTest, locations = '{}', classes = '{interface db.EntryRepository, class config.MongoConfig, class App.Application}', contextInitializerClasses = '[]', activeProfiles = '{}', propertySourceLocations = '{}', propertySourceProperties = '{}', contextCustomizers = set[org.springframework.boot.test.context.filter.ExcludeFilterContextCustomizer@cd816, org.springframework.boot.test.mock.mockito.MockitoContextCustomizer@0, org.springframework.boot.test.autoconfigure.properties.PropertyMappingContextCustomizer@0, org.springframework.boot.test.autoconfigure.web.servlet.WebDriverContextCustomizerFactory$Customizer@c9e4de], contextLoader = 'org.springframework.test.context.support.DelegatingSmartContextLoader', parent = [null]]]
16:01:10.750 [Test worker] DEBUG org.springframework.test.context.cache - Spring test ApplicationContext cache statistics: [DefaultContextCache@a60c7e size = 1, maxSize = 32, parentContextCount = 0, hitCount = 16, missCount = 1]
16:01:10.751 [Test worker] DEBUG org.springframework.test.context.support.AbstractDirtiesContextTestExecutionListener - After test method: context [DefaultTestContext@800f3 testClass = CheckResponseTest, testInstance = null(App.logic.CheckResponseTest), testMethod = testCalculateScore@CheckResponseTest, testException = java.lang.NullPointerException, mergedContextConfiguration = [MergedContextConfiguration@1df06d testClass = CheckResponseTest, locations = '{}', classes = '{interface db.EntryRepository, class config.MongoConfig, class App.Application}', contextInitializerClasses = '[]', activeProfiles = '{}', propertySourceLocations = '{}', propertySourceProperties = '{}', contextCustomizers = set[org.springframework.boot.test.context.filter.ExcludeFilterContextCustomizer@cd816, org.springframework.boot.test.mock.mockito.MockitoContextCustomizer@0, org.springframework.boot.test.autoconfigure.properties.PropertyMappingContextCustomizer@0, org.springframework.boot.test.autoconfigure.web.servlet.WebDriverContextCustomizerFactory$Customizer@c9e4de], contextLoader = 'org.springframework.test.context.support.DelegatingSmartContextLoader', parent = [null]]], class annotated with @DirtiesContext [false] with mode [null], method annotated with @DirtiesContext [false] with mode [null].
16:01:10.751 [Test worker] DEBUG org.springframework.test.context.support.AbstractDirtiesContextTestExecutionListener - After test class: context [DefaultTestContext@800f3 testClass = CheckResponseTest, testInstance = [null], testMethod = [null], testException = [null], mergedContextConfiguration = [MergedContextConfiguration@1df06d testClass = CheckResponseTest, locations = '{}', classes = '{interface db.EntryRepository, class config.MongoConfig, class App.Application}', contextInitializerClasses = '[]', activeProfiles = '{}', propertySourceLocations = '{}', propertySourceProperties = '{}', contextCustomizers = set[org.springframework.boot.test.context.filter.ExcludeFilterContextCustomizer@cd816, org.springframework.boot.test.mock.mockito.MockitoContextCustomizer@0, org.springframework.boot.test.autoconfigure.properties.PropertyMappingContextCustomizer@0, org.springframework.boot.test.autoconfigure.web.servlet.WebDriverContextCustomizerFactory$Customizer@c9e4de], contextLoader = 'org.springframework.test.context.support.DelegatingSmartContextLoader', parent = [null]]], class annotated with @DirtiesContext [false] with mode [null].
]]></system-out>
  <system-err><![CDATA[]]></system-err>
</testsuite>
